2023-12-23 22:03:39,597 DEBUG o.a.i.l.LogFactory [main] Logging initialized using 'class org.apache.ibatis.logging.log4j2.Log4j2Impl' adapter.
2023-12-23 22:03:39,612 DEBUG o.a.i.d.p.PooledDataSource [main] PooledDataSource forcefully closed/removed all connections.
2023-12-23 22:03:39,613 DEBUG o.a.i.d.p.PooledDataSource [main] PooledDataSource forcefully closed/removed all connections.
2023-12-23 22:03:39,613 DEBUG o.a.i.d.p.PooledDataSource [main] PooledDataSource forcefully closed/removed all connections.
2023-12-23 22:03:39,614 DEBUG o.a.i.d.p.PooledDataSource [main] PooledDataSource forcefully closed/removed all connections.
2023-12-23 22:03:39,704 DEBUG o.a.i.t.j.JdbcTransaction [main] Opening JDBC Connection
2023-12-23 22:03:39,720 DEBUG o.a.i.d.p.PooledDataSource [main] Created connection 1660451908.
2023-12-23 22:03:39,722 DEBUG o.a.i.l.j.BaseJdbcLogger [main] ==>  Preparing: INSERT INTO zoos(name,customers_capacity) VALUES (?,?)
2023-12-23 22:03:39,749 DEBUG o.a.i.l.j.BaseJdbcLogger [main] ==> Parameters: California Zoo(String), 450(Integer)
2023-12-23 22:03:39,756 DEBUG o.a.i.l.j.BaseJdbcLogger [main] <==    Updates: 1
2023-12-23 22:03:39,763 DEBUG o.a.i.t.j.JdbcTransaction [main] Closing JDBC Connection [com.mysql.cj.jdbc.ConnectionImpl@62f87c44]
2023-12-23 22:03:39,763 DEBUG o.a.i.d.p.PooledDataSource [main] Returned connection 1660451908 to pool.
2023-12-23 22:03:39,765 DEBUG o.a.i.t.j.JdbcTransaction [main] Opening JDBC Connection
2023-12-23 22:03:39,765 DEBUG o.a.i.d.p.PooledDataSource [main] Checked out connection 1660451908 from pool.
2023-12-23 22:03:39,765 DEBUG o.a.i.l.j.BaseJdbcLogger [main] ==>  Preparing: INSERT INTO animal_rooms(name,capacity,zoos_id) VALUES (?, ?, ?)
2023-12-23 22:03:39,768 DEBUG o.a.i.l.j.BaseJdbcLogger [main] ==> Parameters: Aquatic(String), 200(Integer), 5(Long)
2023-12-23 22:03:39,772 DEBUG o.a.i.l.j.BaseJdbcLogger [main] <==    Updates: 1
2023-12-23 22:03:39,772 DEBUG o.a.i.t.j.JdbcTransaction [main] Closing JDBC Connection [com.mysql.cj.jdbc.ConnectionImpl@62f87c44]
2023-12-23 22:03:39,772 DEBUG o.a.i.d.p.PooledDataSource [main] Returned connection 1660451908 to pool.
2023-12-23 22:03:39,774 DEBUG o.a.i.t.j.JdbcTransaction [main] Opening JDBC Connection
2023-12-23 22:03:39,774 DEBUG o.a.i.d.p.PooledDataSource [main] Checked out connection 1660451908 from pool.
2023-12-23 22:03:39,774 DEBUG o.a.i.l.j.BaseJdbcLogger [main] ==>  Preparing: INSERT INTO departments(name,zoos_id) VALUES (?, ?)
2023-12-23 22:03:39,775 DEBUG o.a.i.l.j.BaseJdbcLogger [main] ==> Parameters: Logic Department(String), 5(Long)
2023-12-23 22:03:39,779 DEBUG o.a.i.l.j.BaseJdbcLogger [main] <==    Updates: 1
2023-12-23 22:03:39,779 DEBUG o.a.i.t.j.JdbcTransaction [main] Closing JDBC Connection [com.mysql.cj.jdbc.ConnectionImpl@62f87c44]
2023-12-23 22:03:39,780 DEBUG o.a.i.d.p.PooledDataSource [main] Returned connection 1660451908 to pool.
2023-12-23 22:03:39,780 DEBUG o.a.i.t.j.JdbcTransaction [main] Opening JDBC Connection
2023-12-23 22:03:39,780 DEBUG o.a.i.d.p.PooledDataSource [main] Checked out connection 1660451908 from pool.
2023-12-23 22:03:39,780 DEBUG o.a.i.l.j.BaseJdbcLogger [main] ==>  Preparing: INSERT INTO animal_rooms(name,capacity,zoos_id) VALUES (?, ?, ?)
2023-12-23 22:03:39,781 DEBUG o.a.i.l.j.BaseJdbcLogger [main] ==> Parameters: Birds(String), 50(Integer), 5(Long)
2023-12-23 22:03:39,783 DEBUG o.a.i.l.j.BaseJdbcLogger [main] <==    Updates: 1
2023-12-23 22:03:39,784 DEBUG o.a.i.t.j.JdbcTransaction [main] Closing JDBC Connection [com.mysql.cj.jdbc.ConnectionImpl@62f87c44]
2023-12-23 22:03:39,784 DEBUG o.a.i.d.p.PooledDataSource [main] Returned connection 1660451908 to pool.
2023-12-23 22:03:39,785 DEBUG o.a.i.t.j.JdbcTransaction [main] Opening JDBC Connection
2023-12-23 22:03:39,785 DEBUG o.a.i.d.p.PooledDataSource [main] Checked out connection 1660451908 from pool.
2023-12-23 22:03:39,785 DEBUG o.a.i.l.j.BaseJdbcLogger [main] ==>  Preparing: INSERT INTO animal_rooms(name,capacity,zoos_id) VALUES (?, ?, ?)
2023-12-23 22:03:39,786 DEBUG o.a.i.l.j.BaseJdbcLogger [main] ==> Parameters: Felines(String), 10(Integer), 5(Long)
2023-12-23 22:03:39,789 DEBUG o.a.i.l.j.BaseJdbcLogger [main] <==    Updates: 1
2023-12-23 22:03:39,789 DEBUG o.a.i.t.j.JdbcTransaction [main] Closing JDBC Connection [com.mysql.cj.jdbc.ConnectionImpl@62f87c44]
2023-12-23 22:03:39,790 DEBUG o.a.i.d.p.PooledDataSource [main] Returned connection 1660451908 to pool.
2023-12-23 22:03:39,790 DEBUG o.a.i.t.j.JdbcTransaction [main] Opening JDBC Connection
2023-12-23 22:03:39,790 DEBUG o.a.i.d.p.PooledDataSource [main] Checked out connection 1660451908 from pool.
2023-12-23 22:03:39,790 DEBUG o.a.i.l.j.BaseJdbcLogger [main] ==>  Preparing: INSERT INTO departments(name,zoos_id) VALUES (?, ?)
2023-12-23 22:03:39,791 DEBUG o.a.i.l.j.BaseJdbcLogger [main] ==> Parameters: HR Department(String), 5(Long)
2023-12-23 22:03:39,794 DEBUG o.a.i.l.j.BaseJdbcLogger [main] <==    Updates: 1
2023-12-23 22:03:39,794 DEBUG o.a.i.t.j.JdbcTransaction [main] Closing JDBC Connection [com.mysql.cj.jdbc.ConnectionImpl@62f87c44]
2023-12-23 22:03:39,794 DEBUG o.a.i.d.p.PooledDataSource [main] Returned connection 1660451908 to pool.
2023-12-23 22:03:39,806 DEBUG o.a.i.t.j.JdbcTransaction [main] Opening JDBC Connection
2023-12-23 22:03:39,806 DEBUG o.a.i.d.p.PooledDataSource [main] Checked out connection 1660451908 from pool.
2023-12-23 22:03:39,806 DEBUG o.a.i.l.j.BaseJdbcLogger [main] ==>  Preparing: SELECT id, name, zoos_id FROM departments WHERE id = 9
2023-12-23 22:03:39,807 DEBUG o.a.i.l.j.BaseJdbcLogger [main] ==> Parameters: 
2023-12-23 22:03:39,821 DEBUG o.a.i.l.j.BaseJdbcLogger [main] <==      Total: 1
2023-12-23 22:03:39,823 DEBUG o.a.i.t.j.JdbcTransaction [main] Closing JDBC Connection [com.mysql.cj.jdbc.ConnectionImpl@62f87c44]
2023-12-23 22:03:39,823 DEBUG o.a.i.d.p.PooledDataSource [main] Returned connection 1660451908 to pool.
2023-12-23 22:03:39,823 INFO c.s.a.s.DepartmentService [main] The animal rooms within the same zoo as the department are:
2023-12-23 22:03:39,824 DEBUG o.a.i.t.j.JdbcTransaction [main] Opening JDBC Connection
2023-12-23 22:03:39,824 DEBUG o.a.i.d.p.PooledDataSource [main] Checked out connection 1660451908 from pool.
2023-12-23 22:03:39,824 DEBUG o.a.i.l.j.BaseJdbcLogger [main] ==>  Preparing: SELECT id, name, capacity, zoos_id FROM animal_rooms
2023-12-23 22:03:39,825 DEBUG o.a.i.l.j.BaseJdbcLogger [main] ==> Parameters: 
2023-12-23 22:03:39,828 DEBUG o.a.i.l.j.BaseJdbcLogger [main] <==      Total: 12
2023-12-23 22:03:39,828 DEBUG o.a.i.t.j.JdbcTransaction [main] Closing JDBC Connection [com.mysql.cj.jdbc.ConnectionImpl@62f87c44]
2023-12-23 22:03:39,829 DEBUG o.a.i.d.p.PooledDataSource [main] Returned connection 1660451908 to pool.
2023-12-23 22:03:39,838 INFO j.u.s.ReferencePipeline$15$1 [main] AnimalRoom{id=10, name='Aquatic', capacity=200}
2023-12-23 22:03:39,838 INFO j.u.s.ReferencePipeline$15$1 [main] AnimalRoom{id=11, name='Birds', capacity=50}
2023-12-23 22:03:39,839 INFO j.u.s.ReferencePipeline$15$1 [main] AnimalRoom{id=12, name='Felines', capacity=10}
2023-12-23 22:03:39,840 INFO c.s.a.s.AnimalRoomService [main] The animal rooms with capacity over 100 are:
2023-12-23 22:03:39,841 DEBUG o.a.i.t.j.JdbcTransaction [main] Opening JDBC Connection
2023-12-23 22:03:39,841 DEBUG o.a.i.d.p.PooledDataSource [main] Checked out connection 1660451908 from pool.
2023-12-23 22:03:39,841 DEBUG o.a.i.l.j.BaseJdbcLogger [main] ==>  Preparing: SELECT id, name, capacity, zoos_id FROM animal_rooms
2023-12-23 22:03:39,842 DEBUG o.a.i.l.j.BaseJdbcLogger [main] ==> Parameters: 
2023-12-23 22:03:39,847 DEBUG o.a.i.l.j.BaseJdbcLogger [main] <==      Total: 12
2023-12-23 22:03:39,847 DEBUG o.a.i.t.j.JdbcTransaction [main] Closing JDBC Connection [com.mysql.cj.jdbc.ConnectionImpl@62f87c44]
2023-12-23 22:03:39,848 DEBUG o.a.i.d.p.PooledDataSource [main] Returned connection 1660451908 to pool.
2023-12-23 22:03:39,850 INFO j.u.s.ReferencePipeline$15$1 [main] AnimalRoom{id=1, name='Aquatic', capacity=200}
2023-12-23 22:03:39,850 INFO j.u.s.ReferencePipeline$15$1 [main] AnimalRoom{id=4, name='Aquatic', capacity=200}
2023-12-23 22:03:39,850 INFO j.u.s.ReferencePipeline$15$1 [main] AnimalRoom{id=7, name='Aquatic', capacity=200}
2023-12-23 22:03:39,850 INFO j.u.s.ReferencePipeline$15$1 [main] AnimalRoom{id=10, name='Aquatic', capacity=200}
2023-12-23 22:03:39,851 INFO c.s.a.s.ZooService [main] Departments from the zoo with id 5
2023-12-23 22:03:39,851 DEBUG o.a.i.t.j.JdbcTransaction [main] Opening JDBC Connection
2023-12-23 22:03:39,851 DEBUG o.a.i.d.p.PooledDataSource [main] Checked out connection 1660451908 from pool.
2023-12-23 22:03:39,851 DEBUG o.a.i.l.j.BaseJdbcLogger [main] ==>  Preparing: SELECT id, name, zoos_id FROM departments
2023-12-23 22:03:39,852 DEBUG o.a.i.l.j.BaseJdbcLogger [main] ==> Parameters: 
2023-12-23 22:03:39,854 DEBUG o.a.i.l.j.BaseJdbcLogger [main] <==      Total: 8
2023-12-23 22:03:39,854 DEBUG o.a.i.t.j.JdbcTransaction [main] Closing JDBC Connection [com.mysql.cj.jdbc.ConnectionImpl@62f87c44]
2023-12-23 22:03:39,854 DEBUG o.a.i.d.p.PooledDataSource [main] Returned connection 1660451908 to pool.
2023-12-23 22:03:39,856 INFO j.u.s.ForEachOps$ForEachOp$OfRef [main] Department{id=8, name='Logic Department', zooId=5}
2023-12-23 22:03:39,857 INFO j.u.s.ForEachOps$ForEachOp$OfRef [main] Department{id=9, name='HR Department', zooId=5}
2023-12-23 22:03:39,857 INFO c.s.a.s.ZooService [main] Animal rooms from the zoo with id 5
2023-12-23 22:03:39,857 DEBUG o.a.i.t.j.JdbcTransaction [main] Opening JDBC Connection
2023-12-23 22:03:39,857 DEBUG o.a.i.d.p.PooledDataSource [main] Checked out connection 1660451908 from pool.
2023-12-23 22:03:39,857 DEBUG o.a.i.l.j.BaseJdbcLogger [main] ==>  Preparing: SELECT id, name, capacity, zoos_id FROM animal_rooms
2023-12-23 22:03:39,858 DEBUG o.a.i.l.j.BaseJdbcLogger [main] ==> Parameters: 
2023-12-23 22:03:39,860 DEBUG o.a.i.l.j.BaseJdbcLogger [main] <==      Total: 12
2023-12-23 22:03:39,860 DEBUG o.a.i.t.j.JdbcTransaction [main] Closing JDBC Connection [com.mysql.cj.jdbc.ConnectionImpl@62f87c44]
2023-12-23 22:03:39,860 DEBUG o.a.i.d.p.PooledDataSource [main] Returned connection 1660451908 to pool.
2023-12-23 22:03:39,861 INFO j.u.s.ForEachOps$ForEachOp$OfRef [main] AnimalRoom{id=10, name='Aquatic', capacity=200}
2023-12-23 22:03:39,862 INFO j.u.s.ForEachOps$ForEachOp$OfRef [main] AnimalRoom{id=11, name='Birds', capacity=50}
2023-12-23 22:03:39,862 INFO j.u.s.ForEachOps$ForEachOp$OfRef [main] AnimalRoom{id=12, name='Felines', capacity=10}
2023-12-23 22:03:39,862 DEBUG o.a.i.t.j.JdbcTransaction [main] Opening JDBC Connection
2023-12-23 22:03:39,863 DEBUG o.a.i.d.p.PooledDataSource [main] Checked out connection 1660451908 from pool.
2023-12-23 22:03:39,863 DEBUG o.a.i.l.j.BaseJdbcLogger [main] ==>  Preparing: SELECT z.id AS zoo_id, z.name AS zoo_name, z.customers_capacity AS zoo_customers_capacity,d.id AS department_id, d.name AS department_name, ar.id AS animal_room_id, ar.name AS animal_room_name, ar.capacity AS animal_room_capacity FROM zoos AS z LEFT JOIN animal_rooms AS ar ON ar.zoos_id = z.id LEFT JOIN departments AS d ON d.zoos_id = z.id WHERE z.id = 5
2023-12-23 22:03:39,863 DEBUG o.a.i.l.j.BaseJdbcLogger [main] ==> Parameters: 
2023-12-23 22:03:39,867 DEBUG o.a.i.l.j.BaseJdbcLogger [main] <==      Total: 6
2023-12-23 22:03:39,867 DEBUG o.a.i.t.j.JdbcTransaction [main] Closing JDBC Connection [com.mysql.cj.jdbc.ConnectionImpl@62f87c44]
2023-12-23 22:03:39,867 DEBUG o.a.i.d.p.PooledDataSource [main] Returned connection 1660451908 to pool.
2023-12-23 22:03:39,867 DEBUG o.a.i.t.j.JdbcTransaction [main] Opening JDBC Connection
2023-12-23 22:03:39,867 DEBUG o.a.i.d.p.PooledDataSource [main] Checked out connection 1660451908 from pool.
2023-12-23 22:03:39,867 DEBUG o.a.i.l.j.BaseJdbcLogger [main] ==>  Preparing: SELECT id, name, zoos_id FROM departments
2023-12-23 22:03:39,868 DEBUG o.a.i.l.j.BaseJdbcLogger [main] ==> Parameters: 
2023-12-23 22:03:39,869 DEBUG o.a.i.l.j.BaseJdbcLogger [main] <==      Total: 8
2023-12-23 22:03:39,870 DEBUG o.a.i.t.j.JdbcTransaction [main] Closing JDBC Connection [com.mysql.cj.jdbc.ConnectionImpl@62f87c44]
2023-12-23 22:03:39,870 DEBUG o.a.i.d.p.PooledDataSource [main] Returned connection 1660451908 to pool.
2023-12-23 22:03:39,870 DEBUG o.a.i.t.j.JdbcTransaction [main] Opening JDBC Connection
2023-12-23 22:03:39,871 DEBUG o.a.i.d.p.PooledDataSource [main] Checked out connection 1660451908 from pool.
2023-12-23 22:03:39,871 DEBUG o.a.i.l.j.BaseJdbcLogger [main] ==>  Preparing: DELETE FROM departments WHERE id = 8;
2023-12-23 22:03:39,871 DEBUG o.a.i.l.j.BaseJdbcLogger [main] ==> Parameters: 
2023-12-23 22:03:39,874 DEBUG o.a.i.l.j.BaseJdbcLogger [main] <==    Updates: 1
2023-12-23 22:03:39,874 DEBUG o.a.i.t.j.JdbcTransaction [main] Closing JDBC Connection [com.mysql.cj.jdbc.ConnectionImpl@62f87c44]
2023-12-23 22:03:39,874 DEBUG o.a.i.d.p.PooledDataSource [main] Returned connection 1660451908 to pool.
2023-12-23 22:03:39,875 DEBUG o.a.i.t.j.JdbcTransaction [main] Opening JDBC Connection
2023-12-23 22:03:39,875 DEBUG o.a.i.d.p.PooledDataSource [main] Checked out connection 1660451908 from pool.
2023-12-23 22:03:39,875 DEBUG o.a.i.l.j.BaseJdbcLogger [main] ==>  Preparing: DELETE FROM departments WHERE id = 9;
2023-12-23 22:03:39,875 DEBUG o.a.i.l.j.BaseJdbcLogger [main] ==> Parameters: 
2023-12-23 22:03:39,878 DEBUG o.a.i.l.j.BaseJdbcLogger [main] <==    Updates: 1
2023-12-23 22:03:39,878 DEBUG o.a.i.t.j.JdbcTransaction [main] Closing JDBC Connection [com.mysql.cj.jdbc.ConnectionImpl@62f87c44]
2023-12-23 22:03:39,878 DEBUG o.a.i.d.p.PooledDataSource [main] Returned connection 1660451908 to pool.
2023-12-23 22:03:39,878 DEBUG o.a.i.t.j.JdbcTransaction [main] Opening JDBC Connection
2023-12-23 22:03:39,878 DEBUG o.a.i.d.p.PooledDataSource [main] Checked out connection 1660451908 from pool.
2023-12-23 22:03:39,879 DEBUG o.a.i.l.j.BaseJdbcLogger [main] ==>  Preparing: SELECT id, name, capacity, zoos_id FROM animal_rooms
2023-12-23 22:03:39,879 DEBUG o.a.i.l.j.BaseJdbcLogger [main] ==> Parameters: 
2023-12-23 22:03:39,880 DEBUG o.a.i.l.j.BaseJdbcLogger [main] <==      Total: 12
2023-12-23 22:03:39,881 DEBUG o.a.i.t.j.JdbcTransaction [main] Closing JDBC Connection [com.mysql.cj.jdbc.ConnectionImpl@62f87c44]
2023-12-23 22:03:39,881 DEBUG o.a.i.d.p.PooledDataSource [main] Returned connection 1660451908 to pool.
2023-12-23 22:03:39,881 DEBUG o.a.i.t.j.JdbcTransaction [main] Opening JDBC Connection
2023-12-23 22:03:39,882 DEBUG o.a.i.d.p.PooledDataSource [main] Checked out connection 1660451908 from pool.
2023-12-23 22:03:39,882 DEBUG o.a.i.l.j.BaseJdbcLogger [main] ==>  Preparing: DELETE FROM animal_rooms WHERE id = 10;
2023-12-23 22:03:39,882 DEBUG o.a.i.l.j.BaseJdbcLogger [main] ==> Parameters: 
2023-12-23 22:03:39,885 DEBUG o.a.i.l.j.BaseJdbcLogger [main] <==    Updates: 1
2023-12-23 22:03:39,885 DEBUG o.a.i.t.j.JdbcTransaction [main] Closing JDBC Connection [com.mysql.cj.jdbc.ConnectionImpl@62f87c44]
2023-12-23 22:03:39,885 DEBUG o.a.i.d.p.PooledDataSource [main] Returned connection 1660451908 to pool.
2023-12-23 22:03:39,885 DEBUG o.a.i.t.j.JdbcTransaction [main] Opening JDBC Connection
2023-12-23 22:03:39,885 DEBUG o.a.i.d.p.PooledDataSource [main] Checked out connection 1660451908 from pool.
2023-12-23 22:03:39,886 DEBUG o.a.i.l.j.BaseJdbcLogger [main] ==>  Preparing: DELETE FROM animal_rooms WHERE id = 11;
2023-12-23 22:03:39,886 DEBUG o.a.i.l.j.BaseJdbcLogger [main] ==> Parameters: 
2023-12-23 22:03:39,888 DEBUG o.a.i.l.j.BaseJdbcLogger [main] <==    Updates: 1
2023-12-23 22:03:39,889 DEBUG o.a.i.t.j.JdbcTransaction [main] Closing JDBC Connection [com.mysql.cj.jdbc.ConnectionImpl@62f87c44]
2023-12-23 22:03:39,889 DEBUG o.a.i.d.p.PooledDataSource [main] Returned connection 1660451908 to pool.
2023-12-23 22:03:39,889 DEBUG o.a.i.t.j.JdbcTransaction [main] Opening JDBC Connection
2023-12-23 22:03:39,889 DEBUG o.a.i.d.p.PooledDataSource [main] Checked out connection 1660451908 from pool.
2023-12-23 22:03:39,890 DEBUG o.a.i.l.j.BaseJdbcLogger [main] ==>  Preparing: DELETE FROM animal_rooms WHERE id = 12;
2023-12-23 22:03:39,890 DEBUG o.a.i.l.j.BaseJdbcLogger [main] ==> Parameters: 
2023-12-23 22:03:39,893 DEBUG o.a.i.l.j.BaseJdbcLogger [main] <==    Updates: 1
2023-12-23 22:03:39,893 DEBUG o.a.i.t.j.JdbcTransaction [main] Closing JDBC Connection [com.mysql.cj.jdbc.ConnectionImpl@62f87c44]
2023-12-23 22:03:39,893 DEBUG o.a.i.d.p.PooledDataSource [main] Returned connection 1660451908 to pool.
2023-12-23 22:03:39,894 DEBUG o.a.i.t.j.JdbcTransaction [main] Opening JDBC Connection
2023-12-23 22:03:39,894 DEBUG o.a.i.d.p.PooledDataSource [main] Checked out connection 1660451908 from pool.
2023-12-23 22:03:39,894 DEBUG o.a.i.l.j.BaseJdbcLogger [main] ==>  Preparing: DELETE FROM zoos WHERE id = 5;
2023-12-23 22:03:39,894 DEBUG o.a.i.l.j.BaseJdbcLogger [main] ==> Parameters: 
2023-12-23 22:03:39,897 DEBUG o.a.i.l.j.BaseJdbcLogger [main] <==    Updates: 1
2023-12-23 22:03:39,897 DEBUG o.a.i.t.j.JdbcTransaction [main] Closing JDBC Connection [com.mysql.cj.jdbc.ConnectionImpl@62f87c44]
2023-12-23 22:03:39,898 DEBUG o.a.i.d.p.PooledDataSource [main] Returned connection 1660451908 to pool.
2023-12-23 22:03:39,898 DEBUG o.a.i.t.j.JdbcTransaction [main] Opening JDBC Connection
2023-12-23 22:03:39,898 DEBUG o.a.i.d.p.PooledDataSource [main] Checked out connection 1660451908 from pool.
2023-12-23 22:03:39,898 DEBUG o.a.i.l.j.BaseJdbcLogger [main] ==>  Preparing: SELECT z.id AS zoo_id, z.name AS zoo_name, z.customers_capacity AS zoo_customers_capacity,d.id AS department_id, d.name AS department_name, ar.id AS animal_room_id, ar.name AS animal_room_name, ar.capacity AS animal_room_capacity FROM zoos AS z LEFT JOIN animal_rooms AS ar ON ar.zoos_id = z.id LEFT JOIN departments AS d ON d.zoos_id = z.id WHERE z.id = 2
2023-12-23 22:03:39,898 DEBUG o.a.i.l.j.BaseJdbcLogger [main] ==> Parameters: 
2023-12-23 22:03:39,900 DEBUG o.a.i.l.j.BaseJdbcLogger [main] <==      Total: 6
2023-12-23 22:03:39,901 DEBUG o.a.i.t.j.JdbcTransaction [main] Closing JDBC Connection [com.mysql.cj.jdbc.ConnectionImpl@62f87c44]
2023-12-23 22:03:39,901 DEBUG o.a.i.d.p.PooledDataSource [main] Returned connection 1660451908 to pool.
