2023-12-23 15:14:17,405 DEBUG o.a.i.l.LogFactory [main] Logging initialized using 'class org.apache.ibatis.logging.log4j2.Log4j2Impl' adapter.
2023-12-23 15:14:17,413 DEBUG o.a.i.d.p.PooledDataSource [main] PooledDataSource forcefully closed/removed all connections.
2023-12-23 15:14:17,414 DEBUG o.a.i.d.p.PooledDataSource [main] PooledDataSource forcefully closed/removed all connections.
2023-12-23 15:14:17,414 DEBUG o.a.i.d.p.PooledDataSource [main] PooledDataSource forcefully closed/removed all connections.
2023-12-23 15:14:17,414 DEBUG o.a.i.d.p.PooledDataSource [main] PooledDataSource forcefully closed/removed all connections.
2023-12-23 15:14:17,502 DEBUG o.a.i.t.j.JdbcTransaction [main] Opening JDBC Connection
2023-12-23 15:14:17,519 DEBUG o.a.i.d.p.PooledDataSource [main] Created connection 1660451908.
2023-12-23 15:14:17,522 DEBUG o.a.i.l.j.BaseJdbcLogger [main] ==>  Preparing: INSERT INTO zoos(name,customers_capacity) VALUES (?,?)
2023-12-23 15:14:17,549 DEBUG o.a.i.l.j.BaseJdbcLogger [main] ==> Parameters: California Zoo(String), 450(Integer)
2023-12-23 15:14:17,554 DEBUG o.a.i.l.j.BaseJdbcLogger [main] <==    Updates: 1
2023-12-23 15:14:17,562 DEBUG o.a.i.t.j.JdbcTransaction [main] Closing JDBC Connection [com.mysql.cj.jdbc.ConnectionImpl@62f87c44]
2023-12-23 15:14:17,562 DEBUG o.a.i.d.p.PooledDataSource [main] Returned connection 1660451908 to pool.
2023-12-23 15:14:17,563 DEBUG o.a.i.t.j.JdbcTransaction [main] Opening JDBC Connection
2023-12-23 15:14:17,564 DEBUG o.a.i.d.p.PooledDataSource [main] Checked out connection 1660451908 from pool.
2023-12-23 15:14:17,564 DEBUG o.a.i.l.j.BaseJdbcLogger [main] ==>  Preparing: INSERT INTO animal_rooms(name,capacity,zoos_id) VALUES (?, ?, ?)
2023-12-23 15:14:17,566 DEBUG o.a.i.l.j.BaseJdbcLogger [main] ==> Parameters: Aquatic(String), 200(Integer), 8(Long)
2023-12-23 15:14:17,569 DEBUG o.a.i.l.j.BaseJdbcLogger [main] <==    Updates: 1
2023-12-23 15:14:17,570 DEBUG o.a.i.t.j.JdbcTransaction [main] Closing JDBC Connection [com.mysql.cj.jdbc.ConnectionImpl@62f87c44]
2023-12-23 15:14:17,570 DEBUG o.a.i.d.p.PooledDataSource [main] Returned connection 1660451908 to pool.
2023-12-23 15:14:17,571 DEBUG o.a.i.t.j.JdbcTransaction [main] Opening JDBC Connection
2023-12-23 15:14:17,572 DEBUG o.a.i.d.p.PooledDataSource [main] Checked out connection 1660451908 from pool.
2023-12-23 15:14:17,572 DEBUG o.a.i.l.j.BaseJdbcLogger [main] ==>  Preparing: INSERT INTO departments(name,zoos_id) VALUES (?, ?)
2023-12-23 15:14:17,573 DEBUG o.a.i.l.j.BaseJdbcLogger [main] ==> Parameters: Logic Department(String), 8(Long)
2023-12-23 15:14:17,575 DEBUG o.a.i.l.j.BaseJdbcLogger [main] <==    Updates: 1
2023-12-23 15:14:17,576 DEBUG o.a.i.t.j.JdbcTransaction [main] Closing JDBC Connection [com.mysql.cj.jdbc.ConnectionImpl@62f87c44]
2023-12-23 15:14:17,576 DEBUG o.a.i.d.p.PooledDataSource [main] Returned connection 1660451908 to pool.
2023-12-23 15:14:17,577 INFO c.s.a.Main [main] 5
