2023-12-23 20:41:09,343 DEBUG o.a.i.l.LogFactory [main] Logging initialized using 'class org.apache.ibatis.logging.log4j2.Log4j2Impl' adapter.
2023-12-23 20:41:09,354 DEBUG o.a.i.d.p.PooledDataSource [main] PooledDataSource forcefully closed/removed all connections.
2023-12-23 20:41:09,356 DEBUG o.a.i.d.p.PooledDataSource [main] PooledDataSource forcefully closed/removed all connections.
2023-12-23 20:41:09,357 DEBUG o.a.i.d.p.PooledDataSource [main] PooledDataSource forcefully closed/removed all connections.
2023-12-23 20:41:09,357 DEBUG o.a.i.d.p.PooledDataSource [main] PooledDataSource forcefully closed/removed all connections.
2023-12-23 20:41:09,454 DEBUG o.a.i.t.j.JdbcTransaction [main] Opening JDBC Connection
2023-12-23 20:41:09,470 DEBUG o.a.i.d.p.PooledDataSource [main] Created connection 322830747.
2023-12-23 20:41:09,473 DEBUG o.a.i.l.j.BaseJdbcLogger [main] ==>  Preparing: SELECT id, name FROM zoos WHERE id = 1
2023-12-23 20:41:09,505 DEBUG o.a.i.l.j.BaseJdbcLogger [main] ==> Parameters: 
2023-12-23 20:41:09,524 DEBUG o.a.i.l.j.BaseJdbcLogger [main] <==      Total: 0
2023-12-23 20:41:09,526 DEBUG o.a.i.t.j.JdbcTransaction [main] Closing JDBC Connection [com.mysql.cj.jdbc.ConnectionImpl@133e019b]
2023-12-23 20:41:09,526 DEBUG o.a.i.d.p.PooledDataSource [main] Returned connection 322830747 to pool.
2023-12-23 20:41:09,527 DEBUG o.a.i.t.j.JdbcTransaction [main] Opening JDBC Connection
2023-12-23 20:41:09,528 DEBUG o.a.i.d.p.PooledDataSource [main] Checked out connection 322830747 from pool.
2023-12-23 20:41:09,528 DEBUG o.a.i.l.j.BaseJdbcLogger [main] ==>  Preparing: SELECT id, name, zoos_id FROM departments
2023-12-23 20:41:09,528 DEBUG o.a.i.l.j.BaseJdbcLogger [main] ==> Parameters: 
2023-12-23 20:41:09,532 DEBUG o.a.i.l.j.BaseJdbcLogger [main] <==      Total: 10
2023-12-23 20:41:09,532 DEBUG o.a.i.t.j.JdbcTransaction [main] Closing JDBC Connection [com.mysql.cj.jdbc.ConnectionImpl@133e019b]
2023-12-23 20:41:09,533 DEBUG o.a.i.d.p.PooledDataSource [main] Returned connection 322830747 to pool.
2023-12-23 20:41:09,534 DEBUG o.a.i.t.j.JdbcTransaction [main] Opening JDBC Connection
2023-12-23 20:41:09,534 DEBUG o.a.i.d.p.PooledDataSource [main] Checked out connection 322830747 from pool.
2023-12-23 20:41:09,534 DEBUG o.a.i.l.j.BaseJdbcLogger [main] ==>  Preparing: SELECT id, name, capacity, zoos_id FROM animal_rooms
2023-12-23 20:41:09,535 DEBUG o.a.i.l.j.BaseJdbcLogger [main] ==> Parameters: 
2023-12-23 20:41:09,541 DEBUG o.a.i.l.j.BaseJdbcLogger [main] <==      Total: 15
2023-12-23 20:41:09,541 DEBUG o.a.i.t.j.JdbcTransaction [main] Closing JDBC Connection [com.mysql.cj.jdbc.ConnectionImpl@133e019b]
2023-12-23 20:41:09,541 DEBUG o.a.i.d.p.PooledDataSource [main] Returned connection 322830747 to pool.
2023-12-23 20:41:09,542 DEBUG o.a.i.t.j.JdbcTransaction [main] Opening JDBC Connection
2023-12-23 20:41:09,542 DEBUG o.a.i.d.p.PooledDataSource [main] Checked out connection 322830747 from pool.
2023-12-23 20:41:09,543 DEBUG o.a.i.l.j.BaseJdbcLogger [main] ==>  Preparing: DELETE FROM zoos WHERE id = ;
2023-12-23 20:41:09,543 DEBUG o.a.i.l.j.BaseJdbcLogger [main] ==> Parameters: 
2023-12-23 20:41:09,560 DEBUG o.a.i.t.j.JdbcTransaction [main] Closing JDBC Connection [com.mysql.cj.jdbc.ConnectionImpl@133e019b]
2023-12-23 20:41:09,561 DEBUG o.a.i.d.p.PooledDataSource [main] Returned connection 322830747 to pool.
