2023-12-23 20:44:29,519 DEBUG o.a.i.l.LogFactory [main] Logging initialized using 'class org.apache.ibatis.logging.log4j2.Log4j2Impl' adapter.
2023-12-23 20:44:29,531 DEBUG o.a.i.d.p.PooledDataSource [main] PooledDataSource forcefully closed/removed all connections.
2023-12-23 20:44:29,531 DEBUG o.a.i.d.p.PooledDataSource [main] PooledDataSource forcefully closed/removed all connections.
2023-12-23 20:44:29,532 DEBUG o.a.i.d.p.PooledDataSource [main] PooledDataSource forcefully closed/removed all connections.
2023-12-23 20:44:29,532 DEBUG o.a.i.d.p.PooledDataSource [main] PooledDataSource forcefully closed/removed all connections.
2023-12-23 20:44:29,624 DEBUG o.a.i.t.j.JdbcTransaction [main] Opening JDBC Connection
2023-12-23 20:44:29,639 DEBUG o.a.i.d.p.PooledDataSource [main] Created connection 1660451908.
2023-12-23 20:44:29,642 DEBUG o.a.i.l.j.BaseJdbcLogger [main] ==>  Preparing: INSERT INTO zoos(name,customers_capacity) VALUES (?,?)
2023-12-23 20:44:29,669 DEBUG o.a.i.l.j.BaseJdbcLogger [main] ==> Parameters: California Zoo(String), 450(Integer)
2023-12-23 20:44:29,673 DEBUG o.a.i.l.j.BaseJdbcLogger [main] <==    Updates: 1
2023-12-23 20:44:29,680 DEBUG o.a.i.t.j.JdbcTransaction [main] Closing JDBC Connection [com.mysql.cj.jdbc.ConnectionImpl@62f87c44]
2023-12-23 20:44:29,680 DEBUG o.a.i.d.p.PooledDataSource [main] Returned connection 1660451908 to pool.
2023-12-23 20:44:29,681 DEBUG o.a.i.t.j.JdbcTransaction [main] Opening JDBC Connection
2023-12-23 20:44:29,682 DEBUG o.a.i.d.p.PooledDataSource [main] Checked out connection 1660451908 from pool.
2023-12-23 20:44:29,682 DEBUG o.a.i.l.j.BaseJdbcLogger [main] ==>  Preparing: INSERT INTO animal_rooms(name,capacity,zoos_id) VALUES (?, ?, ?)
2023-12-23 20:44:29,684 DEBUG o.a.i.l.j.BaseJdbcLogger [main] ==> Parameters: Aquatic(String), 200(Integer), 2(Long)
2023-12-23 20:44:29,687 DEBUG o.a.i.l.j.BaseJdbcLogger [main] <==    Updates: 1
2023-12-23 20:44:29,688 DEBUG o.a.i.t.j.JdbcTransaction [main] Closing JDBC Connection [com.mysql.cj.jdbc.ConnectionImpl@62f87c44]
2023-12-23 20:44:29,688 DEBUG o.a.i.d.p.PooledDataSource [main] Returned connection 1660451908 to pool.
2023-12-23 20:44:29,689 DEBUG o.a.i.t.j.JdbcTransaction [main] Opening JDBC Connection
2023-12-23 20:44:29,689 DEBUG o.a.i.d.p.PooledDataSource [main] Checked out connection 1660451908 from pool.
2023-12-23 20:44:29,689 DEBUG o.a.i.l.j.BaseJdbcLogger [main] ==>  Preparing: INSERT INTO departments(name,zoos_id) VALUES (?, ?)
2023-12-23 20:44:29,690 DEBUG o.a.i.l.j.BaseJdbcLogger [main] ==> Parameters: Logic Department(String), 2(Long)
2023-12-23 20:44:29,693 DEBUG o.a.i.l.j.BaseJdbcLogger [main] <==    Updates: 1
2023-12-23 20:44:29,694 DEBUG o.a.i.t.j.JdbcTransaction [main] Closing JDBC Connection [com.mysql.cj.jdbc.ConnectionImpl@62f87c44]
2023-12-23 20:44:29,694 DEBUG o.a.i.d.p.PooledDataSource [main] Returned connection 1660451908 to pool.
2023-12-23 20:44:29,694 DEBUG o.a.i.t.j.JdbcTransaction [main] Opening JDBC Connection
2023-12-23 20:44:29,694 DEBUG o.a.i.d.p.PooledDataSource [main] Checked out connection 1660451908 from pool.
2023-12-23 20:44:29,695 DEBUG o.a.i.l.j.BaseJdbcLogger [main] ==>  Preparing: INSERT INTO animal_rooms(name,capacity,zoos_id) VALUES (?, ?, ?)
2023-12-23 20:44:29,695 DEBUG o.a.i.l.j.BaseJdbcLogger [main] ==> Parameters: Birds(String), 50(Integer), 2(Long)
2023-12-23 20:44:29,698 DEBUG o.a.i.l.j.BaseJdbcLogger [main] <==    Updates: 1
2023-12-23 20:44:29,699 DEBUG o.a.i.t.j.JdbcTransaction [main] Closing JDBC Connection [com.mysql.cj.jdbc.ConnectionImpl@62f87c44]
2023-12-23 20:44:29,699 DEBUG o.a.i.d.p.PooledDataSource [main] Returned connection 1660451908 to pool.
2023-12-23 20:44:29,699 DEBUG o.a.i.t.j.JdbcTransaction [main] Opening JDBC Connection
2023-12-23 20:44:29,699 DEBUG o.a.i.d.p.PooledDataSource [main] Checked out connection 1660451908 from pool.
2023-12-23 20:44:29,699 DEBUG o.a.i.l.j.BaseJdbcLogger [main] ==>  Preparing: INSERT INTO animal_rooms(name,capacity,zoos_id) VALUES (?, ?, ?)
2023-12-23 20:44:29,700 DEBUG o.a.i.l.j.BaseJdbcLogger [main] ==> Parameters: Felines(String), 10(Integer), 2(Long)
2023-12-23 20:44:29,702 DEBUG o.a.i.l.j.BaseJdbcLogger [main] <==    Updates: 1
2023-12-23 20:44:29,703 DEBUG o.a.i.t.j.JdbcTransaction [main] Closing JDBC Connection [com.mysql.cj.jdbc.ConnectionImpl@62f87c44]
2023-12-23 20:44:29,703 DEBUG o.a.i.d.p.PooledDataSource [main] Returned connection 1660451908 to pool.
2023-12-23 20:44:29,703 DEBUG o.a.i.t.j.JdbcTransaction [main] Opening JDBC Connection
2023-12-23 20:44:29,703 DEBUG o.a.i.d.p.PooledDataSource [main] Checked out connection 1660451908 from pool.
2023-12-23 20:44:29,703 DEBUG o.a.i.l.j.BaseJdbcLogger [main] ==>  Preparing: INSERT INTO departments(name,zoos_id) VALUES (?, ?)
2023-12-23 20:44:29,704 DEBUG o.a.i.l.j.BaseJdbcLogger [main] ==> Parameters: HR Department(String), 2(Long)
2023-12-23 20:44:29,707 DEBUG o.a.i.l.j.BaseJdbcLogger [main] <==    Updates: 1
2023-12-23 20:44:29,708 DEBUG o.a.i.t.j.JdbcTransaction [main] Closing JDBC Connection [com.mysql.cj.jdbc.ConnectionImpl@62f87c44]
2023-12-23 20:44:29,708 DEBUG o.a.i.d.p.PooledDataSource [main] Returned connection 1660451908 to pool.
2023-12-23 20:44:29,719 DEBUG o.a.i.t.j.JdbcTransaction [main] Opening JDBC Connection
2023-12-23 20:44:29,719 DEBUG o.a.i.d.p.PooledDataSource [main] Checked out connection 1660451908 from pool.
2023-12-23 20:44:29,719 DEBUG o.a.i.l.j.BaseJdbcLogger [main] ==>  Preparing: SELECT id, name, zoos_id FROM departments WHERE id = 3
2023-12-23 20:44:29,720 DEBUG o.a.i.l.j.BaseJdbcLogger [main] ==> Parameters: 
2023-12-23 20:44:29,733 DEBUG o.a.i.l.j.BaseJdbcLogger [main] <==      Total: 1
2023-12-23 20:44:29,735 DEBUG o.a.i.t.j.JdbcTransaction [main] Closing JDBC Connection [com.mysql.cj.jdbc.ConnectionImpl@62f87c44]
2023-12-23 20:44:29,735 DEBUG o.a.i.d.p.PooledDataSource [main] Returned connection 1660451908 to pool.
2023-12-23 20:44:29,735 INFO c.s.a.s.DepartmentService [main] The animal rooms within the same zoo as the department are:
2023-12-23 20:44:29,736 DEBUG o.a.i.t.j.JdbcTransaction [main] Opening JDBC Connection
2023-12-23 20:44:29,736 DEBUG o.a.i.d.p.PooledDataSource [main] Checked out connection 1660451908 from pool.
2023-12-23 20:44:29,736 DEBUG o.a.i.l.j.BaseJdbcLogger [main] ==>  Preparing: SELECT id, name, capacity, zoos_id FROM animal_rooms
2023-12-23 20:44:29,737 DEBUG o.a.i.l.j.BaseJdbcLogger [main] ==> Parameters: 
2023-12-23 20:44:29,746 DEBUG o.a.i.l.j.BaseJdbcLogger [main] <==      Total: 3
2023-12-23 20:44:29,746 DEBUG o.a.i.t.j.JdbcTransaction [main] Closing JDBC Connection [com.mysql.cj.jdbc.ConnectionImpl@62f87c44]
2023-12-23 20:44:29,747 DEBUG o.a.i.d.p.PooledDataSource [main] Returned connection 1660451908 to pool.
2023-12-23 20:44:29,758 INFO j.u.s.ReferencePipeline$15$1 [main] AnimalRoom{id=1, name='Aquatic', capacity=200}
2023-12-23 20:44:29,760 INFO j.u.s.ReferencePipeline$15$1 [main] AnimalRoom{id=2, name='Birds', capacity=50}
2023-12-23 20:44:29,762 INFO j.u.s.ReferencePipeline$15$1 [main] AnimalRoom{id=3, name='Felines', capacity=10}
2023-12-23 20:44:29,762 INFO c.s.a.s.AnimalRoomService [main] The animal rooms with capacity over 100 are:
2023-12-23 20:44:29,762 DEBUG o.a.i.t.j.JdbcTransaction [main] Opening JDBC Connection
2023-12-23 20:44:29,763 DEBUG o.a.i.d.p.PooledDataSource [main] Checked out connection 1660451908 from pool.
2023-12-23 20:44:29,764 DEBUG o.a.i.l.j.BaseJdbcLogger [main] ==>  Preparing: SELECT id, name, capacity, zoos_id FROM animal_rooms
2023-12-23 20:44:29,764 DEBUG o.a.i.l.j.BaseJdbcLogger [main] ==> Parameters: 
2023-12-23 20:44:29,765 DEBUG o.a.i.l.j.BaseJdbcLogger [main] <==      Total: 3
2023-12-23 20:44:29,766 DEBUG o.a.i.t.j.JdbcTransaction [main] Closing JDBC Connection [com.mysql.cj.jdbc.ConnectionImpl@62f87c44]
2023-12-23 20:44:29,766 DEBUG o.a.i.d.p.PooledDataSource [main] Returned connection 1660451908 to pool.
2023-12-23 20:44:29,767 INFO j.u.s.ReferencePipeline$15$1 [main] AnimalRoom{id=1, name='Aquatic', capacity=200}
2023-12-23 20:44:29,767 INFO c.s.a.s.ZooService [main] Departments from the zoo with id 2
2023-12-23 20:44:29,768 DEBUG o.a.i.t.j.JdbcTransaction [main] Opening JDBC Connection
2023-12-23 20:44:29,768 DEBUG o.a.i.d.p.PooledDataSource [main] Checked out connection 1660451908 from pool.
2023-12-23 20:44:29,768 DEBUG o.a.i.l.j.BaseJdbcLogger [main] ==>  Preparing: SELECT id, name, zoos_id FROM departments
2023-12-23 20:44:29,768 DEBUG o.a.i.l.j.BaseJdbcLogger [main] ==> Parameters: 
2023-12-23 20:44:29,769 DEBUG o.a.i.l.j.BaseJdbcLogger [main] <==      Total: 2
2023-12-23 20:44:29,770 DEBUG o.a.i.t.j.JdbcTransaction [main] Closing JDBC Connection [com.mysql.cj.jdbc.ConnectionImpl@62f87c44]
2023-12-23 20:44:29,770 DEBUG o.a.i.d.p.PooledDataSource [main] Returned connection 1660451908 to pool.
2023-12-23 20:44:29,779 INFO j.u.s.ForEachOps$ForEachOp$OfRef [main] Department{id=2, name='Logic Department', zooId=2}
2023-12-23 20:44:29,780 INFO j.u.s.ForEachOps$ForEachOp$OfRef [main] Department{id=3, name='HR Department', zooId=2}
2023-12-23 20:44:29,781 INFO c.s.a.s.ZooService [main] Animal rooms from the zoo with id 2
2023-12-23 20:44:29,782 DEBUG o.a.i.t.j.JdbcTransaction [main] Opening JDBC Connection
2023-12-23 20:44:29,782 DEBUG o.a.i.d.p.PooledDataSource [main] Checked out connection 1660451908 from pool.
2023-12-23 20:44:29,782 DEBUG o.a.i.l.j.BaseJdbcLogger [main] ==>  Preparing: SELECT id, name, capacity, zoos_id FROM animal_rooms
2023-12-23 20:44:29,784 DEBUG o.a.i.l.j.BaseJdbcLogger [main] ==> Parameters: 
2023-12-23 20:44:29,787 DEBUG o.a.i.l.j.BaseJdbcLogger [main] <==      Total: 3
2023-12-23 20:44:29,789 DEBUG o.a.i.t.j.JdbcTransaction [main] Closing JDBC Connection [com.mysql.cj.jdbc.ConnectionImpl@62f87c44]
2023-12-23 20:44:29,789 DEBUG o.a.i.d.p.PooledDataSource [main] Returned connection 1660451908 to pool.
2023-12-23 20:44:29,790 INFO j.u.s.ForEachOps$ForEachOp$OfRef [main] AnimalRoom{id=1, name='Aquatic', capacity=200}
2023-12-23 20:44:29,790 INFO j.u.s.ForEachOps$ForEachOp$OfRef [main] AnimalRoom{id=2, name='Birds', capacity=50}
2023-12-23 20:44:29,790 INFO j.u.s.ForEachOps$ForEachOp$OfRef [main] AnimalRoom{id=3, name='Felines', capacity=10}
2023-12-23 20:44:29,791 DEBUG o.a.i.t.j.JdbcTransaction [main] Opening JDBC Connection
2023-12-23 20:44:29,792 DEBUG o.a.i.d.p.PooledDataSource [main] Checked out connection 1660451908 from pool.
2023-12-23 20:44:29,792 DEBUG o.a.i.l.j.BaseJdbcLogger [main] ==>  Preparing: SELECT id, name FROM zoos WHERE id = 2
2023-12-23 20:44:29,792 DEBUG o.a.i.l.j.BaseJdbcLogger [main] ==> Parameters: 
2023-12-23 20:44:29,797 DEBUG o.a.i.t.j.JdbcTransaction [main] Closing JDBC Connection [com.mysql.cj.jdbc.ConnectionImpl@62f87c44]
2023-12-23 20:44:29,798 DEBUG o.a.i.d.p.PooledDataSource [main] Returned connection 1660451908 to pool.
