2023-12-23 20:40:08,612 DEBUG o.a.i.l.LogFactory [main] Logging initialized using 'class org.apache.ibatis.logging.log4j2.Log4j2Impl' adapter.
2023-12-23 20:40:08,621 DEBUG o.a.i.d.p.PooledDataSource [main] PooledDataSource forcefully closed/removed all connections.
2023-12-23 20:40:08,622 DEBUG o.a.i.d.p.PooledDataSource [main] PooledDataSource forcefully closed/removed all connections.
2023-12-23 20:40:08,622 DEBUG o.a.i.d.p.PooledDataSource [main] PooledDataSource forcefully closed/removed all connections.
2023-12-23 20:40:08,623 DEBUG o.a.i.d.p.PooledDataSource [main] PooledDataSource forcefully closed/removed all connections.
2023-12-23 20:40:08,715 DEBUG o.a.i.t.j.JdbcTransaction [main] Opening JDBC Connection
2023-12-23 20:40:08,731 DEBUG o.a.i.d.p.PooledDataSource [main] Created connection 1660451908.
2023-12-23 20:40:08,733 DEBUG o.a.i.l.j.BaseJdbcLogger [main] ==>  Preparing: INSERT INTO zoos(name,customers_capacity) VALUES (?,?)
2023-12-23 20:40:08,762 DEBUG o.a.i.l.j.BaseJdbcLogger [main] ==> Parameters: California Zoo(String), 450(Integer)
2023-12-23 20:40:08,767 DEBUG o.a.i.l.j.BaseJdbcLogger [main] <==    Updates: 1
2023-12-23 20:40:08,774 DEBUG o.a.i.t.j.JdbcTransaction [main] Closing JDBC Connection [com.mysql.cj.jdbc.ConnectionImpl@62f87c44]
2023-12-23 20:40:08,774 DEBUG o.a.i.d.p.PooledDataSource [main] Returned connection 1660451908 to pool.
2023-12-23 20:40:08,775 DEBUG o.a.i.t.j.JdbcTransaction [main] Opening JDBC Connection
2023-12-23 20:40:08,776 DEBUG o.a.i.d.p.PooledDataSource [main] Checked out connection 1660451908 from pool.
2023-12-23 20:40:08,776 DEBUG o.a.i.l.j.BaseJdbcLogger [main] ==>  Preparing: INSERT INTO animal_rooms(name,capacity,zoos_id) VALUES (?, ?, ?)
2023-12-23 20:40:08,778 DEBUG o.a.i.l.j.BaseJdbcLogger [main] ==> Parameters: Aquatic(String), 200(Integer), 5(Long)
2023-12-23 20:40:08,781 DEBUG o.a.i.l.j.BaseJdbcLogger [main] <==    Updates: 1
2023-12-23 20:40:08,782 DEBUG o.a.i.t.j.JdbcTransaction [main] Closing JDBC Connection [com.mysql.cj.jdbc.ConnectionImpl@62f87c44]
2023-12-23 20:40:08,782 DEBUG o.a.i.d.p.PooledDataSource [main] Returned connection 1660451908 to pool.
2023-12-23 20:40:08,783 DEBUG o.a.i.t.j.JdbcTransaction [main] Opening JDBC Connection
2023-12-23 20:40:08,784 DEBUG o.a.i.d.p.PooledDataSource [main] Checked out connection 1660451908 from pool.
2023-12-23 20:40:08,784 DEBUG o.a.i.l.j.BaseJdbcLogger [main] ==>  Preparing: INSERT INTO departments(name,zoos_id) VALUES (?, ?)
2023-12-23 20:40:08,785 DEBUG o.a.i.l.j.BaseJdbcLogger [main] ==> Parameters: Logic Department(String), 5(Long)
2023-12-23 20:40:08,788 DEBUG o.a.i.l.j.BaseJdbcLogger [main] <==    Updates: 1
2023-12-23 20:40:08,788 DEBUG o.a.i.t.j.JdbcTransaction [main] Closing JDBC Connection [com.mysql.cj.jdbc.ConnectionImpl@62f87c44]
2023-12-23 20:40:08,789 DEBUG o.a.i.d.p.PooledDataSource [main] Returned connection 1660451908 to pool.
2023-12-23 20:40:08,789 DEBUG o.a.i.t.j.JdbcTransaction [main] Opening JDBC Connection
2023-12-23 20:40:08,789 DEBUG o.a.i.d.p.PooledDataSource [main] Checked out connection 1660451908 from pool.
2023-12-23 20:40:08,789 DEBUG o.a.i.l.j.BaseJdbcLogger [main] ==>  Preparing: INSERT INTO animal_rooms(name,capacity,zoos_id) VALUES (?, ?, ?)
2023-12-23 20:40:08,790 DEBUG o.a.i.l.j.BaseJdbcLogger [main] ==> Parameters: Birds(String), 50(Integer), 5(Long)
2023-12-23 20:40:08,794 DEBUG o.a.i.l.j.BaseJdbcLogger [main] <==    Updates: 1
2023-12-23 20:40:08,795 DEBUG o.a.i.t.j.JdbcTransaction [main] Closing JDBC Connection [com.mysql.cj.jdbc.ConnectionImpl@62f87c44]
2023-12-23 20:40:08,795 DEBUG o.a.i.d.p.PooledDataSource [main] Returned connection 1660451908 to pool.
2023-12-23 20:40:08,795 DEBUG o.a.i.t.j.JdbcTransaction [main] Opening JDBC Connection
2023-12-23 20:40:08,796 DEBUG o.a.i.d.p.PooledDataSource [main] Checked out connection 1660451908 from pool.
2023-12-23 20:40:08,796 DEBUG o.a.i.l.j.BaseJdbcLogger [main] ==>  Preparing: INSERT INTO animal_rooms(name,capacity,zoos_id) VALUES (?, ?, ?)
2023-12-23 20:40:08,796 DEBUG o.a.i.l.j.BaseJdbcLogger [main] ==> Parameters: Felines(String), 10(Integer), 5(Long)
2023-12-23 20:40:08,800 DEBUG o.a.i.l.j.BaseJdbcLogger [main] <==    Updates: 1
2023-12-23 20:40:08,800 DEBUG o.a.i.t.j.JdbcTransaction [main] Closing JDBC Connection [com.mysql.cj.jdbc.ConnectionImpl@62f87c44]
2023-12-23 20:40:08,801 DEBUG o.a.i.d.p.PooledDataSource [main] Returned connection 1660451908 to pool.
2023-12-23 20:40:08,802 DEBUG o.a.i.t.j.JdbcTransaction [main] Opening JDBC Connection
2023-12-23 20:40:08,802 DEBUG o.a.i.d.p.PooledDataSource [main] Checked out connection 1660451908 from pool.
2023-12-23 20:40:08,802 DEBUG o.a.i.l.j.BaseJdbcLogger [main] ==>  Preparing: INSERT INTO departments(name,zoos_id) VALUES (?, ?)
2023-12-23 20:40:08,803 DEBUG o.a.i.l.j.BaseJdbcLogger [main] ==> Parameters: HR Department(String), 5(Long)
2023-12-23 20:40:08,807 DEBUG o.a.i.l.j.BaseJdbcLogger [main] <==    Updates: 1
2023-12-23 20:40:08,807 DEBUG o.a.i.t.j.JdbcTransaction [main] Closing JDBC Connection [com.mysql.cj.jdbc.ConnectionImpl@62f87c44]
2023-12-23 20:40:08,807 DEBUG o.a.i.d.p.PooledDataSource [main] Returned connection 1660451908 to pool.
2023-12-23 20:40:08,817 DEBUG o.a.i.t.j.JdbcTransaction [main] Opening JDBC Connection
2023-12-23 20:40:08,818 DEBUG o.a.i.d.p.PooledDataSource [main] Checked out connection 1660451908 from pool.
2023-12-23 20:40:08,818 DEBUG o.a.i.l.j.BaseJdbcLogger [main] ==>  Preparing: SELECT id, name, zoos_id FROM departments WHERE id = 9
2023-12-23 20:40:08,819 DEBUG o.a.i.l.j.BaseJdbcLogger [main] ==> Parameters: 
2023-12-23 20:40:08,848 DEBUG o.a.i.l.j.BaseJdbcLogger [main] <==      Total: 1
2023-12-23 20:40:08,852 DEBUG o.a.i.t.j.JdbcTransaction [main] Closing JDBC Connection [com.mysql.cj.jdbc.ConnectionImpl@62f87c44]
2023-12-23 20:40:08,852 DEBUG o.a.i.d.p.PooledDataSource [main] Returned connection 1660451908 to pool.
2023-12-23 20:40:08,854 INFO c.s.a.s.DepartmentService [main] The animal rooms within the same zoo as the department are:
2023-12-23 20:40:08,855 DEBUG o.a.i.t.j.JdbcTransaction [main] Opening JDBC Connection
2023-12-23 20:40:08,856 DEBUG o.a.i.d.p.PooledDataSource [main] Checked out connection 1660451908 from pool.
2023-12-23 20:40:08,856 DEBUG o.a.i.l.j.BaseJdbcLogger [main] ==>  Preparing: SELECT id, name, capacity, zoos_id FROM animal_rooms
2023-12-23 20:40:08,856 DEBUG o.a.i.l.j.BaseJdbcLogger [main] ==> Parameters: 
2023-12-23 20:40:08,871 DEBUG o.a.i.l.j.BaseJdbcLogger [main] <==      Total: 12
2023-12-23 20:40:08,872 DEBUG o.a.i.t.j.JdbcTransaction [main] Closing JDBC Connection [com.mysql.cj.jdbc.ConnectionImpl@62f87c44]
2023-12-23 20:40:08,872 DEBUG o.a.i.d.p.PooledDataSource [main] Returned connection 1660451908 to pool.
2023-12-23 20:40:08,885 INFO j.u.s.ReferencePipeline$15$1 [main] AnimalRoom{id=10, name='Aquatic', capacity=200}
2023-12-23 20:40:08,885 INFO j.u.s.ReferencePipeline$15$1 [main] AnimalRoom{id=11, name='Birds', capacity=50}
2023-12-23 20:40:08,886 INFO j.u.s.ReferencePipeline$15$1 [main] AnimalRoom{id=12, name='Felines', capacity=10}
