2023-12-23 20:40:53,121 INFO c.s.a.s.ZooService [main] Departments from the zoo with id 1
2023-12-23 20:40:53,201 DEBUG o.a.i.l.LogFactory [main] Logging initialized using 'class org.apache.ibatis.logging.log4j2.Log4j2Impl' adapter.
2023-12-23 20:40:53,208 DEBUG o.a.i.d.p.PooledDataSource [main] PooledDataSource forcefully closed/removed all connections.
2023-12-23 20:40:53,208 DEBUG o.a.i.d.p.PooledDataSource [main] PooledDataSource forcefully closed/removed all connections.
2023-12-23 20:40:53,208 DEBUG o.a.i.d.p.PooledDataSource [main] PooledDataSource forcefully closed/removed all connections.
2023-12-23 20:40:53,209 DEBUG o.a.i.d.p.PooledDataSource [main] PooledDataSource forcefully closed/removed all connections.
2023-12-23 20:40:53,294 DEBUG o.a.i.t.j.JdbcTransaction [main] Opening JDBC Connection
2023-12-23 20:40:53,311 DEBUG o.a.i.d.p.PooledDataSource [main] Created connection 248483913.
2023-12-23 20:40:53,314 DEBUG o.a.i.l.j.BaseJdbcLogger [main] ==>  Preparing: SELECT id, name, zoos_id FROM departments
2023-12-23 20:40:53,339 DEBUG o.a.i.l.j.BaseJdbcLogger [main] ==> Parameters: 
2023-12-23 20:40:53,360 DEBUG o.a.i.l.j.BaseJdbcLogger [main] <==      Total: 10
2023-12-23 20:40:53,363 DEBUG o.a.i.t.j.JdbcTransaction [main] Closing JDBC Connection [com.mysql.cj.jdbc.ConnectionImpl@ecf9049]
2023-12-23 20:40:53,363 DEBUG o.a.i.d.p.PooledDataSource [main] Returned connection 248483913 to pool.
2023-12-23 20:40:53,364 INFO c.s.a.s.ZooService [main] Animal rooms from the zoo with id 1
2023-12-23 20:40:53,365 DEBUG o.a.i.t.j.JdbcTransaction [main] Opening JDBC Connection
2023-12-23 20:40:53,365 DEBUG o.a.i.d.p.PooledDataSource [main] Checked out connection 248483913 from pool.
2023-12-23 20:40:53,366 DEBUG o.a.i.l.j.BaseJdbcLogger [main] ==>  Preparing: SELECT id, name, capacity, zoos_id FROM animal_rooms
2023-12-23 20:40:53,366 DEBUG o.a.i.l.j.BaseJdbcLogger [main] ==> Parameters: 
2023-12-23 20:40:53,371 DEBUG o.a.i.l.j.BaseJdbcLogger [main] <==      Total: 15
2023-12-23 20:40:53,372 DEBUG o.a.i.t.j.JdbcTransaction [main] Closing JDBC Connection [com.mysql.cj.jdbc.ConnectionImpl@ecf9049]
2023-12-23 20:40:53,372 DEBUG o.a.i.d.p.PooledDataSource [main] Returned connection 248483913 to pool.
