2023-12-23 22:24:26,493 DEBUG o.a.i.l.LogFactory [main] Logging initialized using 'class org.apache.ibatis.logging.log4j2.Log4j2Impl' adapter.
2023-12-23 22:24:26,504 DEBUG o.a.i.d.p.PooledDataSource [main] PooledDataSource forcefully closed/removed all connections.
2023-12-23 22:24:26,504 DEBUG o.a.i.d.p.PooledDataSource [main] PooledDataSource forcefully closed/removed all connections.
2023-12-23 22:24:26,505 DEBUG o.a.i.d.p.PooledDataSource [main] PooledDataSource forcefully closed/removed all connections.
2023-12-23 22:24:26,505 DEBUG o.a.i.d.p.PooledDataSource [main] PooledDataSource forcefully closed/removed all connections.
2023-12-23 22:24:26,597 DEBUG o.a.i.t.j.JdbcTransaction [main] Opening JDBC Connection
2023-12-23 22:24:26,614 DEBUG o.a.i.d.p.PooledDataSource [main] Created connection 1660451908.
2023-12-23 22:24:26,617 DEBUG o.a.i.l.j.BaseJdbcLogger [main] ==>  Preparing: INSERT INTO zoos(name,customers_capacity) VALUES (?,?)
2023-12-23 22:24:26,644 DEBUG o.a.i.l.j.BaseJdbcLogger [main] ==> Parameters: California Zoo(String), 450(Integer)
2023-12-23 22:24:26,649 DEBUG o.a.i.l.j.BaseJdbcLogger [main] <==    Updates: 1
2023-12-23 22:24:26,656 DEBUG o.a.i.t.j.JdbcTransaction [main] Closing JDBC Connection [com.mysql.cj.jdbc.ConnectionImpl@62f87c44]
2023-12-23 22:24:26,656 DEBUG o.a.i.d.p.PooledDataSource [main] Returned connection 1660451908 to pool.
2023-12-23 22:24:26,657 DEBUG o.a.i.t.j.JdbcTransaction [main] Opening JDBC Connection
2023-12-23 22:24:26,658 DEBUG o.a.i.d.p.PooledDataSource [main] Checked out connection 1660451908 from pool.
2023-12-23 22:24:26,658 DEBUG o.a.i.l.j.BaseJdbcLogger [main] ==>  Preparing: INSERT INTO animal_rooms(name,capacity,zoos_id) VALUES (?, ?, ?)
2023-12-23 22:24:26,660 DEBUG o.a.i.l.j.BaseJdbcLogger [main] ==> Parameters: Aquatic(String), 200(Integer), 12(Long)
2023-12-23 22:24:26,663 DEBUG o.a.i.l.j.BaseJdbcLogger [main] <==    Updates: 1
2023-12-23 22:24:26,664 DEBUG o.a.i.t.j.JdbcTransaction [main] Closing JDBC Connection [com.mysql.cj.jdbc.ConnectionImpl@62f87c44]
2023-12-23 22:24:26,664 DEBUG o.a.i.d.p.PooledDataSource [main] Returned connection 1660451908 to pool.
2023-12-23 22:24:26,665 DEBUG o.a.i.t.j.JdbcTransaction [main] Opening JDBC Connection
2023-12-23 22:24:26,666 DEBUG o.a.i.d.p.PooledDataSource [main] Checked out connection 1660451908 from pool.
2023-12-23 22:24:26,666 DEBUG o.a.i.l.j.BaseJdbcLogger [main] ==>  Preparing: INSERT INTO departments(name,zoos_id) VALUES (?, ?)
2023-12-23 22:24:26,667 DEBUG o.a.i.l.j.BaseJdbcLogger [main] ==> Parameters: Logic Department(String), 12(Long)
2023-12-23 22:24:26,671 DEBUG o.a.i.l.j.BaseJdbcLogger [main] <==    Updates: 1
2023-12-23 22:24:26,671 DEBUG o.a.i.t.j.JdbcTransaction [main] Closing JDBC Connection [com.mysql.cj.jdbc.ConnectionImpl@62f87c44]
2023-12-23 22:24:26,672 DEBUG o.a.i.d.p.PooledDataSource [main] Returned connection 1660451908 to pool.
2023-12-23 22:24:26,672 DEBUG o.a.i.t.j.JdbcTransaction [main] Opening JDBC Connection
2023-12-23 22:24:26,672 DEBUG o.a.i.d.p.PooledDataSource [main] Checked out connection 1660451908 from pool.
2023-12-23 22:24:26,672 DEBUG o.a.i.l.j.BaseJdbcLogger [main] ==>  Preparing: INSERT INTO animal_rooms(name,capacity,zoos_id) VALUES (?, ?, ?)
2023-12-23 22:24:26,673 DEBUG o.a.i.l.j.BaseJdbcLogger [main] ==> Parameters: Birds(String), 50(Integer), 12(Long)
2023-12-23 22:24:26,677 DEBUG o.a.i.l.j.BaseJdbcLogger [main] <==    Updates: 1
2023-12-23 22:24:26,678 DEBUG o.a.i.t.j.JdbcTransaction [main] Closing JDBC Connection [com.mysql.cj.jdbc.ConnectionImpl@62f87c44]
2023-12-23 22:24:26,678 DEBUG o.a.i.d.p.PooledDataSource [main] Returned connection 1660451908 to pool.
2023-12-23 22:24:26,679 DEBUG o.a.i.t.j.JdbcTransaction [main] Opening JDBC Connection
2023-12-23 22:24:26,679 DEBUG o.a.i.d.p.PooledDataSource [main] Checked out connection 1660451908 from pool.
2023-12-23 22:24:26,679 DEBUG o.a.i.l.j.BaseJdbcLogger [main] ==>  Preparing: INSERT INTO animal_rooms(name,capacity,zoos_id) VALUES (?, ?, ?)
2023-12-23 22:24:26,679 DEBUG o.a.i.l.j.BaseJdbcLogger [main] ==> Parameters: Felines(String), 10(Integer), 12(Long)
2023-12-23 22:24:26,683 DEBUG o.a.i.l.j.BaseJdbcLogger [main] <==    Updates: 1
2023-12-23 22:24:26,683 DEBUG o.a.i.t.j.JdbcTransaction [main] Closing JDBC Connection [com.mysql.cj.jdbc.ConnectionImpl@62f87c44]
2023-12-23 22:24:26,683 DEBUG o.a.i.d.p.PooledDataSource [main] Returned connection 1660451908 to pool.
2023-12-23 22:24:26,684 DEBUG o.a.i.t.j.JdbcTransaction [main] Opening JDBC Connection
2023-12-23 22:24:26,684 DEBUG o.a.i.d.p.PooledDataSource [main] Checked out connection 1660451908 from pool.
2023-12-23 22:24:26,684 DEBUG o.a.i.l.j.BaseJdbcLogger [main] ==>  Preparing: INSERT INTO departments(name,zoos_id) VALUES (?, ?)
2023-12-23 22:24:26,685 DEBUG o.a.i.l.j.BaseJdbcLogger [main] ==> Parameters: HR Department(String), 12(Long)
2023-12-23 22:24:26,687 DEBUG o.a.i.l.j.BaseJdbcLogger [main] <==    Updates: 1
2023-12-23 22:24:26,688 DEBUG o.a.i.t.j.JdbcTransaction [main] Closing JDBC Connection [com.mysql.cj.jdbc.ConnectionImpl@62f87c44]
2023-12-23 22:24:26,688 DEBUG o.a.i.d.p.PooledDataSource [main] Returned connection 1660451908 to pool.
2023-12-23 22:24:26,699 DEBUG o.a.i.t.j.JdbcTransaction [main] Opening JDBC Connection
2023-12-23 22:24:26,700 DEBUG o.a.i.d.p.PooledDataSource [main] Checked out connection 1660451908 from pool.
2023-12-23 22:24:26,700 DEBUG o.a.i.l.j.BaseJdbcLogger [main] ==>  Preparing: SELECT id, name, zoos_id FROM departments WHERE id = 23
2023-12-23 22:24:26,701 DEBUG o.a.i.l.j.BaseJdbcLogger [main] ==> Parameters: 
2023-12-23 22:24:26,716 DEBUG o.a.i.l.j.BaseJdbcLogger [main] <==      Total: 1
2023-12-23 22:24:26,717 DEBUG o.a.i.t.j.JdbcTransaction [main] Closing JDBC Connection [com.mysql.cj.jdbc.ConnectionImpl@62f87c44]
2023-12-23 22:24:26,718 DEBUG o.a.i.d.p.PooledDataSource [main] Returned connection 1660451908 to pool.
2023-12-23 22:24:26,718 INFO c.s.a.s.DepartmentService [main] The animal rooms within the same zoo as the department are:
2023-12-23 22:24:26,719 DEBUG o.a.i.t.j.JdbcTransaction [main] Opening JDBC Connection
2023-12-23 22:24:26,719 DEBUG o.a.i.d.p.PooledDataSource [main] Checked out connection 1660451908 from pool.
2023-12-23 22:24:26,719 DEBUG o.a.i.l.j.BaseJdbcLogger [main] ==>  Preparing: SELECT id, name, capacity, zoos_id FROM animal_rooms
2023-12-23 22:24:26,719 DEBUG o.a.i.l.j.BaseJdbcLogger [main] ==> Parameters: 
2023-12-23 22:24:26,724 DEBUG o.a.i.l.j.BaseJdbcLogger [main] <==      Total: 27
2023-12-23 22:24:26,724 DEBUG o.a.i.t.j.JdbcTransaction [main] Closing JDBC Connection [com.mysql.cj.jdbc.ConnectionImpl@62f87c44]
2023-12-23 22:24:26,724 DEBUG o.a.i.d.p.PooledDataSource [main] Returned connection 1660451908 to pool.
2023-12-23 22:24:26,731 INFO j.u.s.ReferencePipeline$15$1 [main] AnimalRoom{id=31, name='Aquatic', capacity=200}
2023-12-23 22:24:26,732 INFO j.u.s.ReferencePipeline$15$1 [main] AnimalRoom{id=32, name='Birds', capacity=50}
2023-12-23 22:24:26,732 INFO j.u.s.ReferencePipeline$15$1 [main] AnimalRoom{id=33, name='Felines', capacity=10}
2023-12-23 22:24:26,733 INFO c.s.a.s.AnimalRoomService [main] The animal rooms with capacity over 100 are:
2023-12-23 22:24:26,734 DEBUG o.a.i.t.j.JdbcTransaction [main] Opening JDBC Connection
2023-12-23 22:24:26,734 DEBUG o.a.i.d.p.PooledDataSource [main] Checked out connection 1660451908 from pool.
2023-12-23 22:24:26,735 DEBUG o.a.i.l.j.BaseJdbcLogger [main] ==>  Preparing: SELECT id, name, capacity, zoos_id FROM animal_rooms
2023-12-23 22:24:26,736 DEBUG o.a.i.l.j.BaseJdbcLogger [main] ==> Parameters: 
2023-12-23 22:24:26,741 DEBUG o.a.i.l.j.BaseJdbcLogger [main] <==      Total: 27
2023-12-23 22:24:26,745 DEBUG o.a.i.t.j.JdbcTransaction [main] Closing JDBC Connection [com.mysql.cj.jdbc.ConnectionImpl@62f87c44]
2023-12-23 22:24:26,746 DEBUG o.a.i.d.p.PooledDataSource [main] Returned connection 1660451908 to pool.
2023-12-23 22:24:26,747 INFO j.u.s.ReferencePipeline$15$1 [main] AnimalRoom{id=1, name='Aquatic', capacity=200}
2023-12-23 22:24:26,748 INFO j.u.s.ReferencePipeline$15$1 [main] AnimalRoom{id=4, name='Aquatic', capacity=200}
2023-12-23 22:24:26,748 INFO j.u.s.ReferencePipeline$15$1 [main] AnimalRoom{id=7, name='Aquatic', capacity=200}
2023-12-23 22:24:26,748 INFO j.u.s.ReferencePipeline$15$1 [main] AnimalRoom{id=16, name='Aquatic', capacity=200}
2023-12-23 22:24:26,749 INFO j.u.s.ReferencePipeline$15$1 [main] AnimalRoom{id=19, name='Aquatic', capacity=200}
2023-12-23 22:24:26,749 INFO j.u.s.ReferencePipeline$15$1 [main] AnimalRoom{id=22, name='Aquatic', capacity=200}
2023-12-23 22:24:26,749 INFO j.u.s.ReferencePipeline$15$1 [main] AnimalRoom{id=25, name='Aquatic', capacity=200}
2023-12-23 22:24:26,749 INFO j.u.s.ReferencePipeline$15$1 [main] AnimalRoom{id=28, name='Aquatic', capacity=200}
2023-12-23 22:24:26,749 INFO j.u.s.ReferencePipeline$15$1 [main] AnimalRoom{id=31, name='Aquatic', capacity=200}
2023-12-23 22:24:26,750 INFO c.s.a.s.ZooService [main] Departments from the zoo with id 12
2023-12-23 22:24:26,750 DEBUG o.a.i.t.j.JdbcTransaction [main] Opening JDBC Connection
2023-12-23 22:24:26,751 DEBUG o.a.i.d.p.PooledDataSource [main] Checked out connection 1660451908 from pool.
2023-12-23 22:24:26,751 DEBUG o.a.i.l.j.BaseJdbcLogger [main] ==>  Preparing: SELECT id, name, zoos_id FROM departments
2023-12-23 22:24:26,751 DEBUG o.a.i.l.j.BaseJdbcLogger [main] ==> Parameters: 
2023-12-23 22:24:26,757 DEBUG o.a.i.l.j.BaseJdbcLogger [main] <==      Total: 18
2023-12-23 22:24:26,757 DEBUG o.a.i.t.j.JdbcTransaction [main] Closing JDBC Connection [com.mysql.cj.jdbc.ConnectionImpl@62f87c44]
2023-12-23 22:24:26,758 DEBUG o.a.i.d.p.PooledDataSource [main] Returned connection 1660451908 to pool.
2023-12-23 22:24:26,761 INFO j.u.s.ForEachOps$ForEachOp$OfRef [main] Department{id=22, name='Logic Department', zooId=12}
2023-12-23 22:24:26,761 INFO j.u.s.ForEachOps$ForEachOp$OfRef [main] Department{id=23, name='HR Department', zooId=12}
2023-12-23 22:24:26,762 INFO c.s.a.s.ZooService [main] Animal rooms from the zoo with id 12
2023-12-23 22:24:26,762 DEBUG o.a.i.t.j.JdbcTransaction [main] Opening JDBC Connection
2023-12-23 22:24:26,762 DEBUG o.a.i.d.p.PooledDataSource [main] Checked out connection 1660451908 from pool.
2023-12-23 22:24:26,763 DEBUG o.a.i.l.j.BaseJdbcLogger [main] ==>  Preparing: SELECT id, name, capacity, zoos_id FROM animal_rooms
2023-12-23 22:24:26,764 DEBUG o.a.i.l.j.BaseJdbcLogger [main] ==> Parameters: 
2023-12-23 22:24:26,772 DEBUG o.a.i.l.j.BaseJdbcLogger [main] <==      Total: 27
2023-12-23 22:24:26,772 DEBUG o.a.i.t.j.JdbcTransaction [main] Closing JDBC Connection [com.mysql.cj.jdbc.ConnectionImpl@62f87c44]
2023-12-23 22:24:26,773 DEBUG o.a.i.d.p.PooledDataSource [main] Returned connection 1660451908 to pool.
2023-12-23 22:24:26,773 INFO j.u.s.ForEachOps$ForEachOp$OfRef [main] AnimalRoom{id=31, name='Aquatic', capacity=200}
2023-12-23 22:24:26,773 INFO j.u.s.ForEachOps$ForEachOp$OfRef [main] AnimalRoom{id=32, name='Birds', capacity=50}
2023-12-23 22:24:26,773 INFO j.u.s.ForEachOps$ForEachOp$OfRef [main] AnimalRoom{id=33, name='Felines', capacity=10}
2023-12-23 22:24:26,774 DEBUG o.a.i.t.j.JdbcTransaction [main] Opening JDBC Connection
2023-12-23 22:24:26,774 DEBUG o.a.i.d.p.PooledDataSource [main] Checked out connection 1660451908 from pool.
2023-12-23 22:24:26,774 DEBUG o.a.i.l.j.BaseJdbcLogger [main] ==>  Preparing: SELECT z.id AS zoo_id, z.name AS zoo_name, z.customers_capacity AS zoo_customers_capacity,d.id AS department_id, d.name AS department_name, ar.id AS animal_room_id, ar.name AS animal_room_name, ar.capacity AS animal_room_capacity FROM zoos AS z LEFT JOIN animal_rooms AS ar ON ar.zoos_id = z.id LEFT JOIN departments AS d ON d.zoos_id = z.id WHERE z.id = 12
2023-12-23 22:24:26,775 DEBUG o.a.i.l.j.BaseJdbcLogger [main] ==> Parameters: 
2023-12-23 22:24:26,779 DEBUG o.a.i.l.j.BaseJdbcLogger [main] <==      Total: 6
2023-12-23 22:24:26,780 DEBUG o.a.i.t.j.JdbcTransaction [main] Closing JDBC Connection [com.mysql.cj.jdbc.ConnectionImpl@62f87c44]
2023-12-23 22:24:26,780 DEBUG o.a.i.d.p.PooledDataSource [main] Returned connection 1660451908 to pool.
2023-12-23 22:24:26,780 DEBUG o.a.i.t.j.JdbcTransaction [main] Opening JDBC Connection
2023-12-23 22:24:26,780 DEBUG o.a.i.d.p.PooledDataSource [main] Checked out connection 1660451908 from pool.
2023-12-23 22:24:26,780 DEBUG o.a.i.l.j.BaseJdbcLogger [main] ==>  Preparing: SELECT id, name, zoos_id FROM departments
2023-12-23 22:24:26,781 DEBUG o.a.i.l.j.BaseJdbcLogger [main] ==> Parameters: 
2023-12-23 22:24:26,783 DEBUG o.a.i.l.j.BaseJdbcLogger [main] <==      Total: 18
2023-12-23 22:24:26,784 DEBUG o.a.i.t.j.JdbcTransaction [main] Closing JDBC Connection [com.mysql.cj.jdbc.ConnectionImpl@62f87c44]
2023-12-23 22:24:26,784 DEBUG o.a.i.d.p.PooledDataSource [main] Returned connection 1660451908 to pool.
2023-12-23 22:24:26,785 DEBUG o.a.i.t.j.JdbcTransaction [main] Opening JDBC Connection
2023-12-23 22:24:26,785 DEBUG o.a.i.d.p.PooledDataSource [main] Checked out connection 1660451908 from pool.
2023-12-23 22:24:26,785 DEBUG o.a.i.l.j.BaseJdbcLogger [main] ==>  Preparing: DELETE FROM departments WHERE id = 22;
2023-12-23 22:24:26,785 DEBUG o.a.i.l.j.BaseJdbcLogger [main] ==> Parameters: 
2023-12-23 22:24:26,788 DEBUG o.a.i.l.j.BaseJdbcLogger [main] <==    Updates: 1
2023-12-23 22:24:26,788 DEBUG o.a.i.t.j.JdbcTransaction [main] Closing JDBC Connection [com.mysql.cj.jdbc.ConnectionImpl@62f87c44]
2023-12-23 22:24:26,788 DEBUG o.a.i.d.p.PooledDataSource [main] Returned connection 1660451908 to pool.
2023-12-23 22:24:26,788 DEBUG o.a.i.t.j.JdbcTransaction [main] Opening JDBC Connection
2023-12-23 22:24:26,789 DEBUG o.a.i.d.p.PooledDataSource [main] Checked out connection 1660451908 from pool.
2023-12-23 22:24:26,789 DEBUG o.a.i.l.j.BaseJdbcLogger [main] ==>  Preparing: DELETE FROM departments WHERE id = 23;
2023-12-23 22:24:26,789 DEBUG o.a.i.l.j.BaseJdbcLogger [main] ==> Parameters: 
2023-12-23 22:24:26,791 DEBUG o.a.i.l.j.BaseJdbcLogger [main] <==    Updates: 1
2023-12-23 22:24:26,792 DEBUG o.a.i.t.j.JdbcTransaction [main] Closing JDBC Connection [com.mysql.cj.jdbc.ConnectionImpl@62f87c44]
2023-12-23 22:24:26,792 DEBUG o.a.i.d.p.PooledDataSource [main] Returned connection 1660451908 to pool.
2023-12-23 22:24:26,792 DEBUG o.a.i.t.j.JdbcTransaction [main] Opening JDBC Connection
2023-12-23 22:24:26,792 DEBUG o.a.i.d.p.PooledDataSource [main] Checked out connection 1660451908 from pool.
2023-12-23 22:24:26,792 DEBUG o.a.i.l.j.BaseJdbcLogger [main] ==>  Preparing: SELECT id, name, capacity, zoos_id FROM animal_rooms
2023-12-23 22:24:26,793 DEBUG o.a.i.l.j.BaseJdbcLogger [main] ==> Parameters: 
2023-12-23 22:24:26,795 DEBUG o.a.i.l.j.BaseJdbcLogger [main] <==      Total: 27
2023-12-23 22:24:26,796 DEBUG o.a.i.t.j.JdbcTransaction [main] Closing JDBC Connection [com.mysql.cj.jdbc.ConnectionImpl@62f87c44]
2023-12-23 22:24:26,796 DEBUG o.a.i.d.p.PooledDataSource [main] Returned connection 1660451908 to pool.
2023-12-23 22:24:26,796 DEBUG o.a.i.t.j.JdbcTransaction [main] Opening JDBC Connection
2023-12-23 22:24:26,797 DEBUG o.a.i.d.p.PooledDataSource [main] Checked out connection 1660451908 from pool.
2023-12-23 22:24:26,797 DEBUG o.a.i.l.j.BaseJdbcLogger [main] ==>  Preparing: DELETE FROM animal_rooms WHERE id = 31;
2023-12-23 22:24:26,797 DEBUG o.a.i.l.j.BaseJdbcLogger [main] ==> Parameters: 
2023-12-23 22:24:26,800 DEBUG o.a.i.l.j.BaseJdbcLogger [main] <==    Updates: 1
2023-12-23 22:24:26,800 DEBUG o.a.i.t.j.JdbcTransaction [main] Closing JDBC Connection [com.mysql.cj.jdbc.ConnectionImpl@62f87c44]
2023-12-23 22:24:26,800 DEBUG o.a.i.d.p.PooledDataSource [main] Returned connection 1660451908 to pool.
2023-12-23 22:24:26,801 DEBUG o.a.i.t.j.JdbcTransaction [main] Opening JDBC Connection
2023-12-23 22:24:26,801 DEBUG o.a.i.d.p.PooledDataSource [main] Checked out connection 1660451908 from pool.
2023-12-23 22:24:26,801 DEBUG o.a.i.l.j.BaseJdbcLogger [main] ==>  Preparing: DELETE FROM animal_rooms WHERE id = 32;
2023-12-23 22:24:26,801 DEBUG o.a.i.l.j.BaseJdbcLogger [main] ==> Parameters: 
2023-12-23 22:24:26,803 DEBUG o.a.i.l.j.BaseJdbcLogger [main] <==    Updates: 1
2023-12-23 22:24:26,804 DEBUG o.a.i.t.j.JdbcTransaction [main] Closing JDBC Connection [com.mysql.cj.jdbc.ConnectionImpl@62f87c44]
2023-12-23 22:24:26,804 DEBUG o.a.i.d.p.PooledDataSource [main] Returned connection 1660451908 to pool.
2023-12-23 22:24:26,804 DEBUG o.a.i.t.j.JdbcTransaction [main] Opening JDBC Connection
2023-12-23 22:24:26,804 DEBUG o.a.i.d.p.PooledDataSource [main] Checked out connection 1660451908 from pool.
2023-12-23 22:24:26,805 DEBUG o.a.i.l.j.BaseJdbcLogger [main] ==>  Preparing: DELETE FROM animal_rooms WHERE id = 33;
2023-12-23 22:24:26,805 DEBUG o.a.i.l.j.BaseJdbcLogger [main] ==> Parameters: 
2023-12-23 22:24:26,807 DEBUG o.a.i.l.j.BaseJdbcLogger [main] <==    Updates: 1
2023-12-23 22:24:26,807 DEBUG o.a.i.t.j.JdbcTransaction [main] Closing JDBC Connection [com.mysql.cj.jdbc.ConnectionImpl@62f87c44]
2023-12-23 22:24:26,808 DEBUG o.a.i.d.p.PooledDataSource [main] Returned connection 1660451908 to pool.
2023-12-23 22:24:26,808 DEBUG o.a.i.t.j.JdbcTransaction [main] Opening JDBC Connection
2023-12-23 22:24:26,809 DEBUG o.a.i.d.p.PooledDataSource [main] Checked out connection 1660451908 from pool.
2023-12-23 22:24:26,809 DEBUG o.a.i.l.j.BaseJdbcLogger [main] ==>  Preparing: DELETE FROM zoos WHERE id = 12;
2023-12-23 22:24:26,809 DEBUG o.a.i.l.j.BaseJdbcLogger [main] ==> Parameters: 
2023-12-23 22:24:26,812 DEBUG o.a.i.l.j.BaseJdbcLogger [main] <==    Updates: 1
2023-12-23 22:24:26,812 DEBUG o.a.i.t.j.JdbcTransaction [main] Closing JDBC Connection [com.mysql.cj.jdbc.ConnectionImpl@62f87c44]
2023-12-23 22:24:26,812 DEBUG o.a.i.d.p.PooledDataSource [main] Returned connection 1660451908 to pool.
2023-12-23 22:24:26,812 DEBUG o.a.i.t.j.JdbcTransaction [main] Opening JDBC Connection
2023-12-23 22:24:26,812 DEBUG o.a.i.d.p.PooledDataSource [main] Checked out connection 1660451908 from pool.
2023-12-23 22:24:26,813 DEBUG o.a.i.l.j.BaseJdbcLogger [main] ==>  Preparing: SELECT z.id AS zoo_id, z.name AS zoo_name, z.customers_capacity AS zoo_customers_capacity,d.id AS department_id, d.name AS department_name, ar.id AS animal_room_id, ar.name AS animal_room_name, ar.capacity AS animal_room_capacity FROM zoos AS z LEFT JOIN animal_rooms AS ar ON ar.zoos_id = z.id LEFT JOIN departments AS d ON d.zoos_id = z.id WHERE z.id = 2
2023-12-23 22:24:26,813 DEBUG o.a.i.l.j.BaseJdbcLogger [main] ==> Parameters: 
2023-12-23 22:24:26,815 DEBUG o.a.i.l.j.BaseJdbcLogger [main] <==      Total: 6
2023-12-23 22:24:26,816 DEBUG o.a.i.t.j.JdbcTransaction [main] Closing JDBC Connection [com.mysql.cj.jdbc.ConnectionImpl@62f87c44]
2023-12-23 22:24:26,816 DEBUG o.a.i.d.p.PooledDataSource [main] Returned connection 1660451908 to pool.
