2023-12-23 21:01:06,400 DEBUG o.a.i.l.LogFactory [main] Logging initialized using 'class org.apache.ibatis.logging.log4j2.Log4j2Impl' adapter.
2023-12-23 21:01:06,409 DEBUG o.a.i.d.p.PooledDataSource [main] PooledDataSource forcefully closed/removed all connections.
2023-12-23 21:01:06,409 DEBUG o.a.i.d.p.PooledDataSource [main] PooledDataSource forcefully closed/removed all connections.
2023-12-23 21:01:06,410 DEBUG o.a.i.d.p.PooledDataSource [main] PooledDataSource forcefully closed/removed all connections.
2023-12-23 21:01:06,410 DEBUG o.a.i.d.p.PooledDataSource [main] PooledDataSource forcefully closed/removed all connections.
2023-12-23 21:01:06,494 DEBUG o.a.i.t.j.JdbcTransaction [main] Opening JDBC Connection
2023-12-23 21:01:06,511 DEBUG o.a.i.d.p.PooledDataSource [main] Created connection 1660451908.
2023-12-23 21:01:06,514 DEBUG o.a.i.l.j.BaseJdbcLogger [main] ==>  Preparing: INSERT INTO zoos(name,customers_capacity) VALUES (?,?)
2023-12-23 21:01:06,542 DEBUG o.a.i.l.j.BaseJdbcLogger [main] ==> Parameters: California Zoo(String), 450(Integer)
2023-12-23 21:01:06,546 DEBUG o.a.i.l.j.BaseJdbcLogger [main] <==    Updates: 1
2023-12-23 21:01:06,553 DEBUG o.a.i.t.j.JdbcTransaction [main] Closing JDBC Connection [com.mysql.cj.jdbc.ConnectionImpl@62f87c44]
2023-12-23 21:01:06,554 DEBUG o.a.i.d.p.PooledDataSource [main] Returned connection 1660451908 to pool.
2023-12-23 21:01:06,555 DEBUG o.a.i.t.j.JdbcTransaction [main] Opening JDBC Connection
2023-12-23 21:01:06,555 DEBUG o.a.i.d.p.PooledDataSource [main] Checked out connection 1660451908 from pool.
2023-12-23 21:01:06,555 DEBUG o.a.i.l.j.BaseJdbcLogger [main] ==>  Preparing: INSERT INTO animal_rooms(name,capacity,zoos_id) VALUES (?, ?, ?)
2023-12-23 21:01:06,558 DEBUG o.a.i.l.j.BaseJdbcLogger [main] ==> Parameters: Aquatic(String), 200(Integer), 4(Long)
2023-12-23 21:01:06,561 DEBUG o.a.i.l.j.BaseJdbcLogger [main] <==    Updates: 1
2023-12-23 21:01:06,561 DEBUG o.a.i.t.j.JdbcTransaction [main] Closing JDBC Connection [com.mysql.cj.jdbc.ConnectionImpl@62f87c44]
2023-12-23 21:01:06,562 DEBUG o.a.i.d.p.PooledDataSource [main] Returned connection 1660451908 to pool.
2023-12-23 21:01:06,563 DEBUG o.a.i.t.j.JdbcTransaction [main] Opening JDBC Connection
2023-12-23 21:01:06,563 DEBUG o.a.i.d.p.PooledDataSource [main] Checked out connection 1660451908 from pool.
2023-12-23 21:01:06,563 DEBUG o.a.i.l.j.BaseJdbcLogger [main] ==>  Preparing: INSERT INTO departments(name,zoos_id) VALUES (?, ?)
2023-12-23 21:01:06,564 DEBUG o.a.i.l.j.BaseJdbcLogger [main] ==> Parameters: Logic Department(String), 4(Long)
2023-12-23 21:01:06,567 DEBUG o.a.i.l.j.BaseJdbcLogger [main] <==    Updates: 1
2023-12-23 21:01:06,568 DEBUG o.a.i.t.j.JdbcTransaction [main] Closing JDBC Connection [com.mysql.cj.jdbc.ConnectionImpl@62f87c44]
2023-12-23 21:01:06,568 DEBUG o.a.i.d.p.PooledDataSource [main] Returned connection 1660451908 to pool.
2023-12-23 21:01:06,568 DEBUG o.a.i.t.j.JdbcTransaction [main] Opening JDBC Connection
2023-12-23 21:01:06,568 DEBUG o.a.i.d.p.PooledDataSource [main] Checked out connection 1660451908 from pool.
2023-12-23 21:01:06,568 DEBUG o.a.i.l.j.BaseJdbcLogger [main] ==>  Preparing: INSERT INTO animal_rooms(name,capacity,zoos_id) VALUES (?, ?, ?)
2023-12-23 21:01:06,569 DEBUG o.a.i.l.j.BaseJdbcLogger [main] ==> Parameters: Birds(String), 50(Integer), 4(Long)
2023-12-23 21:01:06,572 DEBUG o.a.i.l.j.BaseJdbcLogger [main] <==    Updates: 1
2023-12-23 21:01:06,572 DEBUG o.a.i.t.j.JdbcTransaction [main] Closing JDBC Connection [com.mysql.cj.jdbc.ConnectionImpl@62f87c44]
2023-12-23 21:01:06,572 DEBUG o.a.i.d.p.PooledDataSource [main] Returned connection 1660451908 to pool.
2023-12-23 21:01:06,573 DEBUG o.a.i.t.j.JdbcTransaction [main] Opening JDBC Connection
2023-12-23 21:01:06,573 DEBUG o.a.i.d.p.PooledDataSource [main] Checked out connection 1660451908 from pool.
2023-12-23 21:01:06,573 DEBUG o.a.i.l.j.BaseJdbcLogger [main] ==>  Preparing: INSERT INTO animal_rooms(name,capacity,zoos_id) VALUES (?, ?, ?)
2023-12-23 21:01:06,573 DEBUG o.a.i.l.j.BaseJdbcLogger [main] ==> Parameters: Felines(String), 10(Integer), 4(Long)
2023-12-23 21:01:06,576 DEBUG o.a.i.l.j.BaseJdbcLogger [main] <==    Updates: 1
2023-12-23 21:01:06,576 DEBUG o.a.i.t.j.JdbcTransaction [main] Closing JDBC Connection [com.mysql.cj.jdbc.ConnectionImpl@62f87c44]
2023-12-23 21:01:06,576 DEBUG o.a.i.d.p.PooledDataSource [main] Returned connection 1660451908 to pool.
2023-12-23 21:01:06,577 DEBUG o.a.i.t.j.JdbcTransaction [main] Opening JDBC Connection
2023-12-23 21:01:06,577 DEBUG o.a.i.d.p.PooledDataSource [main] Checked out connection 1660451908 from pool.
2023-12-23 21:01:06,577 DEBUG o.a.i.l.j.BaseJdbcLogger [main] ==>  Preparing: INSERT INTO departments(name,zoos_id) VALUES (?, ?)
2023-12-23 21:01:06,577 DEBUG o.a.i.l.j.BaseJdbcLogger [main] ==> Parameters: HR Department(String), 4(Long)
2023-12-23 21:01:06,581 DEBUG o.a.i.l.j.BaseJdbcLogger [main] <==    Updates: 1
2023-12-23 21:01:06,581 DEBUG o.a.i.t.j.JdbcTransaction [main] Closing JDBC Connection [com.mysql.cj.jdbc.ConnectionImpl@62f87c44]
2023-12-23 21:01:06,581 DEBUG o.a.i.d.p.PooledDataSource [main] Returned connection 1660451908 to pool.
2023-12-23 21:01:06,592 DEBUG o.a.i.t.j.JdbcTransaction [main] Opening JDBC Connection
2023-12-23 21:01:06,592 DEBUG o.a.i.d.p.PooledDataSource [main] Checked out connection 1660451908 from pool.
2023-12-23 21:01:06,593 DEBUG o.a.i.l.j.BaseJdbcLogger [main] ==>  Preparing: SELECT id, name, zoos_id FROM departments WHERE id = 7
2023-12-23 21:01:06,593 DEBUG o.a.i.l.j.BaseJdbcLogger [main] ==> Parameters: 
2023-12-23 21:01:06,607 DEBUG o.a.i.l.j.BaseJdbcLogger [main] <==      Total: 1
2023-12-23 21:01:06,609 DEBUG o.a.i.t.j.JdbcTransaction [main] Closing JDBC Connection [com.mysql.cj.jdbc.ConnectionImpl@62f87c44]
2023-12-23 21:01:06,609 DEBUG o.a.i.d.p.PooledDataSource [main] Returned connection 1660451908 to pool.
2023-12-23 21:01:06,610 INFO c.s.a.s.DepartmentService [main] The animal rooms within the same zoo as the department are:
2023-12-23 21:01:06,610 DEBUG o.a.i.t.j.JdbcTransaction [main] Opening JDBC Connection
2023-12-23 21:01:06,610 DEBUG o.a.i.d.p.PooledDataSource [main] Checked out connection 1660451908 from pool.
2023-12-23 21:01:06,610 DEBUG o.a.i.l.j.BaseJdbcLogger [main] ==>  Preparing: SELECT id, name, capacity, zoos_id FROM animal_rooms
2023-12-23 21:01:06,611 DEBUG o.a.i.l.j.BaseJdbcLogger [main] ==> Parameters: 
2023-12-23 21:01:06,615 DEBUG o.a.i.l.j.BaseJdbcLogger [main] <==      Total: 9
2023-12-23 21:01:06,615 DEBUG o.a.i.t.j.JdbcTransaction [main] Closing JDBC Connection [com.mysql.cj.jdbc.ConnectionImpl@62f87c44]
2023-12-23 21:01:06,615 DEBUG o.a.i.d.p.PooledDataSource [main] Returned connection 1660451908 to pool.
2023-12-23 21:01:06,621 INFO j.u.s.ReferencePipeline$15$1 [main] AnimalRoom{id=7, name='Aquatic', capacity=200}
2023-12-23 21:01:06,622 INFO j.u.s.ReferencePipeline$15$1 [main] AnimalRoom{id=8, name='Birds', capacity=50}
2023-12-23 21:01:06,622 INFO j.u.s.ReferencePipeline$15$1 [main] AnimalRoom{id=9, name='Felines', capacity=10}
2023-12-23 21:01:06,622 INFO c.s.a.s.AnimalRoomService [main] The animal rooms with capacity over 100 are:
2023-12-23 21:01:06,622 DEBUG o.a.i.t.j.JdbcTransaction [main] Opening JDBC Connection
2023-12-23 21:01:06,622 DEBUG o.a.i.d.p.PooledDataSource [main] Checked out connection 1660451908 from pool.
2023-12-23 21:01:06,622 DEBUG o.a.i.l.j.BaseJdbcLogger [main] ==>  Preparing: SELECT id, name, capacity, zoos_id FROM animal_rooms
2023-12-23 21:01:06,623 DEBUG o.a.i.l.j.BaseJdbcLogger [main] ==> Parameters: 
2023-12-23 21:01:06,625 DEBUG o.a.i.l.j.BaseJdbcLogger [main] <==      Total: 9
2023-12-23 21:01:06,625 DEBUG o.a.i.t.j.JdbcTransaction [main] Closing JDBC Connection [com.mysql.cj.jdbc.ConnectionImpl@62f87c44]
2023-12-23 21:01:06,625 DEBUG o.a.i.d.p.PooledDataSource [main] Returned connection 1660451908 to pool.
2023-12-23 21:01:06,626 INFO j.u.s.ReferencePipeline$15$1 [main] AnimalRoom{id=1, name='Aquatic', capacity=200}
2023-12-23 21:01:06,626 INFO j.u.s.ReferencePipeline$15$1 [main] AnimalRoom{id=4, name='Aquatic', capacity=200}
2023-12-23 21:01:06,626 INFO j.u.s.ReferencePipeline$15$1 [main] AnimalRoom{id=7, name='Aquatic', capacity=200}
2023-12-23 21:01:06,626 INFO c.s.a.s.ZooService [main] Departments from the zoo with id 4
2023-12-23 21:01:06,627 DEBUG o.a.i.t.j.JdbcTransaction [main] Opening JDBC Connection
2023-12-23 21:01:06,627 DEBUG o.a.i.d.p.PooledDataSource [main] Checked out connection 1660451908 from pool.
2023-12-23 21:01:06,627 DEBUG o.a.i.l.j.BaseJdbcLogger [main] ==>  Preparing: SELECT id, name, zoos_id FROM departments
2023-12-23 21:01:06,627 DEBUG o.a.i.l.j.BaseJdbcLogger [main] ==> Parameters: 
2023-12-23 21:01:06,629 DEBUG o.a.i.l.j.BaseJdbcLogger [main] <==      Total: 6
2023-12-23 21:01:06,629 DEBUG o.a.i.t.j.JdbcTransaction [main] Closing JDBC Connection [com.mysql.cj.jdbc.ConnectionImpl@62f87c44]
2023-12-23 21:01:06,629 DEBUG o.a.i.d.p.PooledDataSource [main] Returned connection 1660451908 to pool.
2023-12-23 21:01:06,632 INFO j.u.s.ForEachOps$ForEachOp$OfRef [main] Department{id=6, name='Logic Department', zooId=4}
2023-12-23 21:01:06,632 INFO j.u.s.ForEachOps$ForEachOp$OfRef [main] Department{id=7, name='HR Department', zooId=4}
2023-12-23 21:01:06,633 INFO c.s.a.s.ZooService [main] Animal rooms from the zoo with id 4
2023-12-23 21:01:06,633 DEBUG o.a.i.t.j.JdbcTransaction [main] Opening JDBC Connection
2023-12-23 21:01:06,634 DEBUG o.a.i.d.p.PooledDataSource [main] Checked out connection 1660451908 from pool.
2023-12-23 21:01:06,634 DEBUG o.a.i.l.j.BaseJdbcLogger [main] ==>  Preparing: SELECT id, name, capacity, zoos_id FROM animal_rooms
2023-12-23 21:01:06,634 DEBUG o.a.i.l.j.BaseJdbcLogger [main] ==> Parameters: 
2023-12-23 21:01:06,637 DEBUG o.a.i.l.j.BaseJdbcLogger [main] <==      Total: 9
2023-12-23 21:01:06,638 DEBUG o.a.i.t.j.JdbcTransaction [main] Closing JDBC Connection [com.mysql.cj.jdbc.ConnectionImpl@62f87c44]
2023-12-23 21:01:06,639 DEBUG o.a.i.d.p.PooledDataSource [main] Returned connection 1660451908 to pool.
2023-12-23 21:01:06,639 INFO j.u.s.ForEachOps$ForEachOp$OfRef [main] AnimalRoom{id=7, name='Aquatic', capacity=200}
2023-12-23 21:01:06,639 INFO j.u.s.ForEachOps$ForEachOp$OfRef [main] AnimalRoom{id=8, name='Birds', capacity=50}
2023-12-23 21:01:06,639 INFO j.u.s.ForEachOps$ForEachOp$OfRef [main] AnimalRoom{id=9, name='Felines', capacity=10}
2023-12-23 21:01:06,641 DEBUG o.a.i.t.j.JdbcTransaction [main] Opening JDBC Connection
2023-12-23 21:01:06,641 DEBUG o.a.i.d.p.PooledDataSource [main] Checked out connection 1660451908 from pool.
2023-12-23 21:01:06,641 DEBUG o.a.i.l.j.BaseJdbcLogger [main] ==>  Preparing: SELECT id, name FROM zoos WHERE id = 4
2023-12-23 21:01:06,641 DEBUG o.a.i.l.j.BaseJdbcLogger [main] ==> Parameters: 
2023-12-23 21:01:06,643 DEBUG o.a.i.t.j.JdbcTransaction [main] Closing JDBC Connection [com.mysql.cj.jdbc.ConnectionImpl@62f87c44]
2023-12-23 21:01:06,643 DEBUG o.a.i.d.p.PooledDataSource [main] Returned connection 1660451908 to pool.
