2023-12-22 21:11:42,399 DEBUG o.a.i.l.LogFactory [main] Logging initialized using 'class org.apache.ibatis.logging.log4j2.Log4j2Impl' adapter.
2023-12-22 21:11:42,416 DEBUG o.a.i.d.p.PooledDataSource [main] PooledDataSource forcefully closed/removed all connections.
2023-12-22 21:11:42,417 DEBUG o.a.i.d.p.PooledDataSource [main] PooledDataSource forcefully closed/removed all connections.
2023-12-22 21:11:42,417 DEBUG o.a.i.d.p.PooledDataSource [main] PooledDataSource forcefully closed/removed all connections.
2023-12-22 21:11:42,417 DEBUG o.a.i.d.p.PooledDataSource [main] PooledDataSource forcefully closed/removed all connections.
2023-12-22 21:11:42,509 DEBUG o.a.i.t.j.JdbcTransaction [main] Opening JDBC Connection
2023-12-22 21:11:42,526 DEBUG o.a.i.d.p.PooledDataSource [main] Created connection 1660451908.
2023-12-22 21:11:42,529 DEBUG o.a.i.l.j.BaseJdbcLogger [main] ==>  Preparing: INSERT INTO zoos(name,customers_capacity) VALUES (?,?)
2023-12-22 21:11:42,557 DEBUG o.a.i.l.j.BaseJdbcLogger [main] ==> Parameters: California Zoo(String), 450(Integer)
2023-12-22 21:11:42,561 DEBUG o.a.i.l.j.BaseJdbcLogger [main] <==    Updates: 1
2023-12-22 21:11:42,569 DEBUG o.a.i.t.j.JdbcTransaction [main] Closing JDBC Connection [com.mysql.cj.jdbc.ConnectionImpl@62f87c44]
2023-12-22 21:11:42,569 DEBUG o.a.i.d.p.PooledDataSource [main] Returned connection 1660451908 to pool.
2023-12-22 21:11:42,571 DEBUG o.a.i.t.j.JdbcTransaction [main] Opening JDBC Connection
2023-12-22 21:11:42,571 DEBUG o.a.i.d.p.PooledDataSource [main] Checked out connection 1660451908 from pool.
2023-12-22 21:11:42,571 DEBUG o.a.i.t.j.JdbcTransaction [main] Setting autocommit to false on JDBC Connection [com.mysql.cj.jdbc.ConnectionImpl@62f87c44]
2023-12-22 21:11:42,573 DEBUG o.a.i.l.j.BaseJdbcLogger [main] ==>  Preparing: INSERT INTO departments(name,zoos_id) VALUES (?, ?)
2023-12-22 21:11:42,575 DEBUG o.a.i.l.j.BaseJdbcLogger [main] ==> Parameters: Logic Department(String), 1(Long)
2023-12-22 21:11:42,591 DEBUG o.a.i.t.j.JdbcTransaction [main] Rolling back JDBC Connection [com.mysql.cj.jdbc.ConnectionImpl@62f87c44]
2023-12-22 21:11:42,593 DEBUG o.a.i.t.j.JdbcTransaction [main] Resetting autocommit to true on JDBC Connection [com.mysql.cj.jdbc.ConnectionImpl@62f87c44]
2023-12-22 21:11:42,593 DEBUG o.a.i.t.j.JdbcTransaction [main] Closing JDBC Connection [com.mysql.cj.jdbc.ConnectionImpl@62f87c44]
2023-12-22 21:11:42,593 DEBUG o.a.i.d.p.PooledDataSource [main] Returned connection 1660451908 to pool.
